# JRE version: Java(TM) SE Runtime Environment (8.0_201-b09) (build 1.8.0_201-b09)
# Java VM: Java HotSpot(TM) Client VM (25.201-b09 mixed mode linux-arm )
Heap:
 def new generation   total 4864K, used 2269K [0x65800000, 0x65d40000, 0x6a540000)
  eden space 4352K,  41% used [0x65800000, 0x659c3c88, 0x65c40000)
  from space 512K,  90% used [0x65c40000, 0x65cb3a50, 0x65cc0000)
  to   space 512K,   0% used [0x65cc0000, 0x65cc0000, 0x65d40000)
 tenured generation   total 11008K, used 10714K [0x6a540000, 0x6b000000, 0x74000000)
   the space 11008K,  97% used [0x6a540000, 0x6afb6910, 0x6afb6a00, 0x6b000000)
 Metaspace       used 11552K, capacity 12083K, committed 12184K, reserved 12592K
GC Heap History (10 events):
Event: 3,860 GC heap before
{Heap before GC invocations=7 (full 0):
 def new generation   total 4864K, used 4864K [0x65800000, 0x65d40000, 0x6a540000)
  eden space 4352K, 100% used [0x65800000, 0x65c40000, 0x65c40000)
  from space 512K, 100% used [0x65cc0000, 0x65d40000, 0x65d40000)
  to   space 512K,   0% used [0x65c40000, 0x65c40000, 0x65cc0000)
 tenured generation   total 11008K, used 5381K [0x6a540000, 0x6b000000, 0x74000000)
   the space 11008K,  48% used [0x6a540000, 0x6aa81548, 0x6aa81600, 0x6b000000)
 Metaspace       used 9235K, capacity 9588K, committed 9624K, reserved 10544K
Event: 3,882 GC heap after
Heap after GC invocations=8 (full 0):
 def new generation   total 4864K, used 512K [0x65800000, 0x65d40000, 0x6a540000)
  eden space 4352K,   0% used [0x65800000, 0x65800000, 0x65c40000)
  from space 512K, 100% used [0x65c40000, 0x65cc0000, 0x65cc0000)
  to   space 512K,   0% used [0x65cc0000, 0x65cc0000, 0x65d40000)
 tenured generation   total 11008K, used 6679K [0x6a540000, 0x6b000000, 0x74000000)
   the space 11008K,  60% used [0x6a540000, 0x6abc5c70, 0x6abc5e00, 0x6b000000)
 Metaspace       used 9235K, capacity 9588K, committed 9624K, reserved 10544K
}
Event: 4,417 GC heap before
{Heap before GC invocations=8 (full 0):
 def new generation   total 4864K, used 4864K [0x65800000, 0x65d40000, 0x6a540000)
  eden space 4352K, 100% used [0x65800000, 0x65c40000, 0x65c40000)
  from space 512K, 100% used [0x65c40000, 0x65cc0000, 0x65cc0000)
  to   space 512K,   0% used [0x65cc0000, 0x65cc0000, 0x65d40000)
 tenured generation   total 11008K, used 6679K [0x6a540000, 0x6b000000, 0x74000000)
   the space 11008K,  60% used [0x6a540000, 0x6abc5c70, 0x6abc5e00, 0x6b000000)
 Metaspace       used 10000K, capacity 10456K, committed 10520K, reserved 10544K
Event: 4,433 GC heap after
Heap after GC invocations=9 (full 0):
 def new generation   total 4864K, used 512K [0x65800000, 0x65d40000, 0x6a540000)
  eden space 4352K,   0% used [0x65800000, 0x65800000, 0x65c40000)
  from space 512K, 100% used [0x65cc0000, 0x65d40000, 0x65d40000)
  to   space 512K,   0% used [0x65c40000, 0x65c40000, 0x65cc0000)
 tenured generation   total 11008K, used 7572K [0x6a540000, 0x6b000000, 0x74000000)
   the space 11008K,  68% used [0x6a540000, 0x6aca53a0, 0x6aca5400, 0x6b000000)
 Metaspace       used 10000K, capacity 10456K, committed 10520K, reserved 10544K
}
Event: 4,980 GC heap before
{Heap before GC invocations=9 (full 0):
 def new generation   total 4864K, used 4864K [0x65800000, 0x65d40000, 0x6a540000)
  eden space 4352K, 100% used [0x65800000, 0x65c40000, 0x65c40000)
  from space 512K, 100% used [0x65cc0000, 0x65d40000, 0x65d40000)
  to   space 512K,   0% used [0x65c40000, 0x65c40000, 0x65cc0000)
 tenured generation   total 11008K, used 7572K [0x6a540000, 0x6b000000, 0x74000000)
   the space 11008K,  68% used [0x6a540000, 0x6aca53a0, 0x6aca5400, 0x6b000000)
 Metaspace       used 10765K, capacity 11198K, committed 11288K, reserved 11568K
Event: 4,992 GC heap after
Heap after GC invocations=10 (full 0):
 def new generation   total 4864K, used 511K [0x65800000, 0x65d40000, 0x6a540000)
  eden space 4352K,   0% used [0x65800000, 0x65800000, 0x65c40000)
  from space 512K,  99% used [0x65c40000, 0x65cbfff8, 0x65cc0000)
  to   space 512K,   0% used [0x65cc0000, 0x65cc0000, 0x65d40000)
 tenured generation   total 11008K, used 8231K [0x6a540000, 0x6b000000, 0x74000000)
   the space 11008K,  74% used [0x6a540000, 0x6ad49f00, 0x6ad4a000, 0x6b000000)
 Metaspace       used 10765K, capacity 11198K, committed 11288K, reserved 11568K
}
Event: 5,616 GC heap before
{Heap before GC invocations=10 (full 0):
 def new generation   total 4864K, used 4863K [0x65800000, 0x65d40000, 0x6a540000)
  eden space 4352K, 100% used [0x65800000, 0x65c40000, 0x65c40000)
  from space 512K,  99% used [0x65c40000, 0x65cbfff8, 0x65cc0000)
  to   space 512K,   0% used [0x65cc0000, 0x65cc0000, 0x65d40000)
 tenured generation   total 11008K, used 8231K [0x6a540000, 0x6b000000, 0x74000000)
   the space 11008K,  74% used [0x6a540000, 0x6ad49f00, 0x6ad4a000, 0x6b000000)
 Metaspace       used 11398K, capacity 11901K, committed 11928K, reserved 12592K
Event: 5,631 GC heap after
Heap after GC invocations=11 (full 0):
 def new generation   total 4864K, used 511K [0x65800000, 0x65d40000, 0x6a540000)
  eden space 4352K,   0% used [0x65800000, 0x65800000, 0x65c40000)
  from space 512K,  99% used [0x65cc0000, 0x65d3fff8, 0x65d40000)
  to   space 512K,   0% used [0x65c40000, 0x65c40000, 0x65cc0000)
 tenured generation   total 11008K, used 9540K [0x6a540000, 0x6b000000, 0x74000000)
   the space 11008K,  86% used [0x6a540000, 0x6ae91190, 0x6ae91200, 0x6b000000)
 Metaspace       used 11398K, capacity 11901K, committed 11928K, reserved 12592K
}
Event: 35,356 GC heap before
{Heap before GC invocations=11 (full 0):
 def new generation   total 4864K, used 4863K [0x65800000, 0x65d40000, 0x6a540000)
  eden space 4352K, 100% used [0x65800000, 0x65c40000, 0x65c40000)
  from space 512K,  99% used [0x65cc0000, 0x65d3fff8, 0x65d40000)
  to   space 512K,   0% used [0x65c40000, 0x65c40000, 0x65cc0000)
 tenured generation   total 11008K, used 9540K [0x6a540000, 0x6b000000, 0x74000000)
   the space 11008K,  86% used [0x6a540000, 0x6ae91190, 0x6ae91200, 0x6b000000)
 Metaspace       used 11552K, capacity 12083K, committed 12184K, reserved 12592K
Event: 35,373 GC heap after
Heap after GC invocations=12 (full 0):
 def new generation   total 4864K, used 462K [0x65800000, 0x65d40000, 0x6a540000)
  eden space 4352K,   0% used [0x65800000, 0x65800000, 0x65c40000)
  from space 512K,  90% used [0x65c40000, 0x65cb3a50, 0x65cc0000)
  to   space 512K,   0% used [0x65cc0000, 0x65cc0000, 0x65d40000)
 tenured generation   total 11008K, used 10714K [0x6a540000, 0x6b000000, 0x74000000)
   the space 11008K,  97% used [0x6a540000, 0x6afb6910, 0x6afb6a00, 0x6b000000)
 Metaspace       used 11552K, capacity 12083K, committed 12184K, reserved 12592K
}

