# JRE version: Java(TM) SE Runtime Environment (8.0_201-b09) (build 1.8.0_201-b09)
# Java VM: Java HotSpot(TM) Client VM (25.201-b09 mixed mode linux-arm )
Heap:
 def new generation   total 4864K, used 1251K [0x65800000, 0x65d40000, 0x6a540000)
  eden space 4352K,  18% used [0x65800000, 0x658c5850, 0x65c40000)
  from space 512K,  90% used [0x65c40000, 0x65cb3580, 0x65cc0000)
  to   space 512K,   0% used [0x65cc0000, 0x65cc0000, 0x65d40000)
 tenured generation   total 11008K, used 9721K [0x6a540000, 0x6b000000, 0x74000000)
   the space 11008K,  88% used [0x6a540000, 0x6aebe470, 0x6aebe600, 0x6b000000)
 Metaspace       used 11551K, capacity 12083K, committed 12184K, reserved 12592K
GC Heap History (10 events):
Event: 3,823 GC heap before
{Heap before GC invocations=7 (full 0):
 def new generation   total 4864K, used 4864K [0x65800000, 0x65d40000, 0x6a540000)
  eden space 4352K, 100% used [0x65800000, 0x65c40000, 0x65c40000)
  from space 512K, 100% used [0x65cc0000, 0x65d40000, 0x65d40000)
  to   space 512K,   0% used [0x65c40000, 0x65c40000, 0x65cc0000)
 tenured generation   total 11008K, used 5306K [0x6a540000, 0x6b000000, 0x74000000)
   the space 11008K,  48% used [0x6a540000, 0x6aa6ebc8, 0x6aa6ec00, 0x6b000000)
 Metaspace       used 9243K, capacity 9588K, committed 9624K, reserved 10544K
Event: 3,845 GC heap after
Heap after GC invocations=8 (full 0):
 def new generation   total 4864K, used 511K [0x65800000, 0x65d40000, 0x6a540000)
  eden space 4352K,   0% used [0x65800000, 0x65800000, 0x65c40000)
  from space 512K,  99% used [0x65c40000, 0x65cbfff8, 0x65cc0000)
  to   space 512K,   0% used [0x65cc0000, 0x65cc0000, 0x65d40000)
 tenured generation   total 11008K, used 6670K [0x6a540000, 0x6b000000, 0x74000000)
   the space 11008K,  60% used [0x6a540000, 0x6abc3950, 0x6abc3a00, 0x6b000000)
 Metaspace       used 9243K, capacity 9588K, committed 9624K, reserved 10544K
}
Event: 4,343 GC heap before
{Heap before GC invocations=8 (full 0):
 def new generation   total 4864K, used 4863K [0x65800000, 0x65d40000, 0x6a540000)
  eden space 4352K, 100% used [0x65800000, 0x65c40000, 0x65c40000)
  from space 512K,  99% used [0x65c40000, 0x65cbfff8, 0x65cc0000)
  to   space 512K,   0% used [0x65cc0000, 0x65cc0000, 0x65d40000)
 tenured generation   total 11008K, used 6670K [0x6a540000, 0x6b000000, 0x74000000)
   the space 11008K,  60% used [0x6a540000, 0x6abc3950, 0x6abc3a00, 0x6b000000)
 Metaspace       used 10018K, capacity 10456K, committed 10520K, reserved 10544K
Event: 4,359 GC heap after
Heap after GC invocations=9 (full 0):
 def new generation   total 4864K, used 512K [0x65800000, 0x65d40000, 0x6a540000)
  eden space 4352K,   0% used [0x65800000, 0x65800000, 0x65c40000)
  from space 512K, 100% used [0x65cc0000, 0x65d40000, 0x65d40000)
  to   space 512K,   0% used [0x65c40000, 0x65c40000, 0x65cc0000)
 tenured generation   total 11008K, used 7532K [0x6a540000, 0x6b000000, 0x74000000)
   the space 11008K,  68% used [0x6a540000, 0x6ac9b310, 0x6ac9b400, 0x6b000000)
 Metaspace       used 10018K, capacity 10456K, committed 10520K, reserved 10544K
}
Event: 4,887 GC heap before
{Heap before GC invocations=9 (full 0):
 def new generation   total 4864K, used 4864K [0x65800000, 0x65d40000, 0x6a540000)
  eden space 4352K, 100% used [0x65800000, 0x65c40000, 0x65c40000)
  from space 512K, 100% used [0x65cc0000, 0x65d40000, 0x65d40000)
  to   space 512K,   0% used [0x65c40000, 0x65c40000, 0x65cc0000)
 tenured generation   total 11008K, used 7532K [0x6a540000, 0x6b000000, 0x74000000)
   the space 11008K,  68% used [0x6a540000, 0x6ac9b310, 0x6ac9b400, 0x6b000000)
 Metaspace       used 10778K, capacity 11230K, committed 11288K, reserved 11568K
Event: 4,899 GC heap after
Heap after GC invocations=10 (full 0):
 def new generation   total 4864K, used 512K [0x65800000, 0x65d40000, 0x6a540000)
  eden space 4352K,   0% used [0x65800000, 0x65800000, 0x65c40000)
  from space 512K, 100% used [0x65c40000, 0x65cc0000, 0x65cc0000)
  to   space 512K,   0% used [0x65cc0000, 0x65cc0000, 0x65d40000)
 tenured generation   total 11008K, used 8189K [0x6a540000, 0x6b000000, 0x74000000)
   the space 11008K,  74% used [0x6a540000, 0x6ad3f5a0, 0x6ad3f600, 0x6b000000)
 Metaspace       used 10778K, capacity 11230K, committed 11288K, reserved 11568K
}
Event: 5,533 GC heap before
{Heap before GC invocations=10 (full 0):
 def new generation   total 4864K, used 4864K [0x65800000, 0x65d40000, 0x6a540000)
  eden space 4352K, 100% used [0x65800000, 0x65c40000, 0x65c40000)
  from space 512K, 100% used [0x65c40000, 0x65cc0000, 0x65cc0000)
  to   space 512K,   0% used [0x65cc0000, 0x65cc0000, 0x65d40000)
 tenured generation   total 11008K, used 8189K [0x6a540000, 0x6b000000, 0x74000000)
   the space 11008K,  74% used [0x6a540000, 0x6ad3f5a0, 0x6ad3f600, 0x6b000000)
 Metaspace       used 11410K, capacity 11933K, committed 12056K, reserved 12592K
Event: 5,551 GC heap after
Heap after GC invocations=11 (full 0):
 def new generation   total 4864K, used 512K [0x65800000, 0x65d40000, 0x6a540000)
  eden space 4352K,   0% used [0x65800000, 0x65800000, 0x65c40000)
  from space 512K, 100% used [0x65cc0000, 0x65d40000, 0x65d40000)
  to   space 512K,   0% used [0x65c40000, 0x65c40000, 0x65cc0000)
 tenured generation   total 11008K, used 9482K [0x6a540000, 0x6b000000, 0x74000000)
   the space 11008K,  86% used [0x6a540000, 0x6ae828c0, 0x6ae82a00, 0x6b000000)
 Metaspace       used 11410K, capacity 11933K, committed 12056K, reserved 12592K
}
Event: 44,935 GC heap before
{Heap before GC invocations=11 (full 0):
 def new generation   total 4864K, used 4864K [0x65800000, 0x65d40000, 0x6a540000)
  eden space 4352K, 100% used [0x65800000, 0x65c40000, 0x65c40000)
  from space 512K, 100% used [0x65cc0000, 0x65d40000, 0x65d40000)
  to   space 512K,   0% used [0x65c40000, 0x65c40000, 0x65cc0000)
 tenured generation   total 11008K, used 9482K [0x6a540000, 0x6b000000, 0x74000000)
   the space 11008K,  86% used [0x6a540000, 0x6ae828c0, 0x6ae82a00, 0x6b000000)
 Metaspace       used 11551K, capacity 12083K, committed 12184K, reserved 12592K
Event: 44,950 GC heap after
Heap after GC invocations=12 (full 0):
 def new generation   total 4864K, used 461K [0x65800000, 0x65d40000, 0x6a540000)
  eden space 4352K,   0% used [0x65800000, 0x65800000, 0x65c40000)
  from space 512K,  90% used [0x65c40000, 0x65cb3580, 0x65cc0000)
  to   space 512K,   0% used [0x65cc0000, 0x65cc0000, 0x65d40000)
 tenured generation   total 11008K, used 9721K [0x6a540000, 0x6b000000, 0x74000000)
   the space 11008K,  88% used [0x6a540000, 0x6aebe470, 0x6aebe600, 0x6b000000)
 Metaspace       used 11551K, capacity 12083K, committed 12184K, reserved 12592K
}

