# JRE version: Java(TM) SE Runtime Environment (8.0_201-b09) (build 1.8.0_201-b09)
# Java VM: Java HotSpot(TM) Client VM (25.201-b09 mixed mode linux-arm )
Heap:
 def new generation   total 4864K, used 4407K [0x65600000, 0x65b40000, 0x6a340000)
  eden space 4352K,  89% used [0x65600000, 0x659cdf58, 0x65a40000)
  from space 512K,  99% used [0x65ac0000, 0x65b3fff8, 0x65b40000)
  to   space 512K,   0% used [0x65a40000, 0x65a40000, 0x65ac0000)
 tenured generation   total 11008K, used 9534K [0x6a340000, 0x6ae00000, 0x73e00000)
   the space 11008K,  86% used [0x6a340000, 0x6ac8fb28, 0x6ac8fc00, 0x6ae00000)
 Metaspace       used 11540K, capacity 12046K, committed 12056K, reserved 12592K
GC Heap History (10 events):
Event: 3,477 GC heap before
{Heap before GC invocations=6 (full 0):
 def new generation   total 4864K, used 4840K [0x65600000, 0x65b40000, 0x6a340000)
  eden space 4352K,  99% used [0x65600000, 0x65a3a0a0, 0x65a40000)
  from space 512K, 100% used [0x65a40000, 0x65ac0000, 0x65ac0000)
  to   space 512K,   0% used [0x65ac0000, 0x65ac0000, 0x65b40000)
 tenured generation   total 11008K, used 4398K [0x6a340000, 0x6ae00000, 0x73e00000)
   the space 11008K,  39% used [0x6a340000, 0x6a78b990, 0x6a78ba00, 0x6ae00000)
 Metaspace       used 8815K, capacity 9147K, committed 9240K, reserved 9520K
Event: 3,490 GC heap after
Heap after GC invocations=7 (full 0):
 def new generation   total 4864K, used 512K [0x65600000, 0x65b40000, 0x6a340000)
  eden space 4352K,   0% used [0x65600000, 0x65600000, 0x65a40000)
  from space 512K, 100% used [0x65ac0000, 0x65b40000, 0x65b40000)
  to   space 512K,   0% used [0x65a40000, 0x65a40000, 0x65ac0000)
 tenured generation   total 11008K, used 5376K [0x6a340000, 0x6ae00000, 0x73e00000)
   the space 11008K,  48% used [0x6a340000, 0x6a8802a8, 0x6a880400, 0x6ae00000)
 Metaspace       used 8815K, capacity 9147K, committed 9240K, reserved 9520K
}
Event: 3,997 GC heap before
{Heap before GC invocations=7 (full 0):
 def new generation   total 4864K, used 4864K [0x65600000, 0x65b40000, 0x6a340000)
  eden space 4352K, 100% used [0x65600000, 0x65a40000, 0x65a40000)
  from space 512K, 100% used [0x65ac0000, 0x65b40000, 0x65b40000)
  to   space 512K,   0% used [0x65a40000, 0x65a40000, 0x65ac0000)
 tenured generation   total 11008K, used 5376K [0x6a340000, 0x6ae00000, 0x73e00000)
   the space 11008K,  48% used [0x6a340000, 0x6a8802a8, 0x6a880400, 0x6ae00000)
 Metaspace       used 9245K, capacity 9588K, committed 9624K, reserved 10544K
Event: 4,020 GC heap after
Heap after GC invocations=8 (full 0):
 def new generation   total 4864K, used 512K [0x65600000, 0x65b40000, 0x6a340000)
  eden space 4352K,   0% used [0x65600000, 0x65600000, 0x65a40000)
  from space 512K, 100% used [0x65a40000, 0x65ac0000, 0x65ac0000)
  to   space 512K,   0% used [0x65ac0000, 0x65ac0000, 0x65b40000)
 tenured generation   total 11008K, used 6674K [0x6a340000, 0x6ae00000, 0x73e00000)
   the space 11008K,  60% used [0x6a340000, 0x6a9c49d0, 0x6a9c4a00, 0x6ae00000)
 Metaspace       used 9245K, capacity 9588K, committed 9624K, reserved 10544K
}
Event: 4,545 GC heap before
{Heap before GC invocations=8 (full 0):
 def new generation   total 4864K, used 4864K [0x65600000, 0x65b40000, 0x6a340000)
  eden space 4352K, 100% used [0x65600000, 0x65a40000, 0x65a40000)
  from space 512K, 100% used [0x65a40000, 0x65ac0000, 0x65ac0000)
  to   space 512K,   0% used [0x65ac0000, 0x65ac0000, 0x65b40000)
 tenured generation   total 11008K, used 6674K [0x6a340000, 0x6ae00000, 0x73e00000)
   the space 11008K,  60% used [0x6a340000, 0x6a9c49d0, 0x6a9c4a00, 0x6ae00000)
 Metaspace       used 10011K, capacity 10456K, committed 10520K, reserved 10544K
Event: 4,564 GC heap after
Heap after GC invocations=9 (full 0):
 def new generation   total 4864K, used 512K [0x65600000, 0x65b40000, 0x6a340000)
  eden space 4352K,   0% used [0x65600000, 0x65600000, 0x65a40000)
  from space 512K, 100% used [0x65ac0000, 0x65b40000, 0x65b40000)
  to   space 512K,   0% used [0x65a40000, 0x65a40000, 0x65ac0000)
 tenured generation   total 11008K, used 7568K [0x6a340000, 0x6ae00000, 0x73e00000)
   the space 11008K,  68% used [0x6a340000, 0x6aaa4100, 0x6aaa4200, 0x6ae00000)
 Metaspace       used 10011K, capacity 10456K, committed 10520K, reserved 10544K
}
Event: 5,113 GC heap before
{Heap before GC invocations=9 (full 0):
 def new generation   total 4864K, used 4864K [0x65600000, 0x65b40000, 0x6a340000)
  eden space 4352K, 100% used [0x65600000, 0x65a40000, 0x65a40000)
  from space 512K, 100% used [0x65ac0000, 0x65b40000, 0x65b40000)
  to   space 512K,   0% used [0x65a40000, 0x65a40000, 0x65ac0000)
 tenured generation   total 11008K, used 7568K [0x6a340000, 0x6ae00000, 0x73e00000)
   the space 11008K,  68% used [0x6a340000, 0x6aaa4100, 0x6aaa4200, 0x6ae00000)
 Metaspace       used 10776K, capacity 11230K, committed 11288K, reserved 11568K
Event: 5,125 GC heap after
Heap after GC invocations=10 (full 0):
 def new generation   total 4864K, used 512K [0x65600000, 0x65b40000, 0x6a340000)
  eden space 4352K,   0% used [0x65600000, 0x65600000, 0x65a40000)
  from space 512K, 100% used [0x65a40000, 0x65ac0000, 0x65ac0000)
  to   space 512K,   0% used [0x65ac0000, 0x65ac0000, 0x65b40000)
 tenured generation   total 11008K, used 8226K [0x6a340000, 0x6ae00000, 0x73e00000)
   the space 11008K,  74% used [0x6a340000, 0x6ab48a70, 0x6ab48c00, 0x6ae00000)
 Metaspace       used 10776K, capacity 11230K, committed 11288K, reserved 11568K
}
Event: 5,746 GC heap before
{Heap before GC invocations=10 (full 0):
 def new generation   total 4864K, used 4864K [0x65600000, 0x65b40000, 0x6a340000)
  eden space 4352K, 100% used [0x65600000, 0x65a40000, 0x65a40000)
  from space 512K, 100% used [0x65a40000, 0x65ac0000, 0x65ac0000)
  to   space 512K,   0% used [0x65ac0000, 0x65ac0000, 0x65b40000)
 tenured generation   total 11008K, used 8226K [0x6a340000, 0x6ae00000, 0x73e00000)
   the space 11008K,  74% used [0x6a340000, 0x6ab48a70, 0x6ab48c00, 0x6ae00000)
 Metaspace       used 11409K, capacity 11933K, committed 12056K, reserved 12592K
Event: 5,760 GC heap after
Heap after GC invocations=11 (full 0):
 def new generation   total 4864K, used 511K [0x65600000, 0x65b40000, 0x6a340000)
  eden space 4352K,   0% used [0x65600000, 0x65600000, 0x65a40000)
  from space 512K,  99% used [0x65ac0000, 0x65b3fff8, 0x65b40000)
  to   space 512K,   0% used [0x65a40000, 0x65a40000, 0x65ac0000)
 tenured generation   total 11008K, used 9534K [0x6a340000, 0x6ae00000, 0x73e00000)
   the space 11008K,  86% used [0x6a340000, 0x6ac8fb28, 0x6ac8fc00, 0x6ae00000)
 Metaspace       used 11409K, capacity 11933K, committed 12056K, reserved 12592K
}

