# JRE version: Java(TM) SE Runtime Environment (8.0_201-b09) (build 1.8.0_201-b09)
# Java VM: Java HotSpot(TM) Client VM (25.201-b09 mixed mode linux-arm )
Heap:
 def new generation   total 4864K, used 1612K [0x65600000, 0x65b40000, 0x6a340000)
  eden space 4352K,  25% used [0x65600000, 0x65713148, 0x65a40000)
  from space 512K, 100% used [0x65ac0000, 0x65b40000, 0x65b40000)
  to   space 512K,   0% used [0x65a40000, 0x65a40000, 0x65ac0000)
 tenured generation   total 11008K, used 2899K [0x6a340000, 0x6ae00000, 0x73e00000)
   the space 11008K,  26% used [0x6a340000, 0x6a614ef0, 0x6a615000, 0x6ae00000)
 Metaspace       used 6959K, capacity 7291K, committed 7448K, reserved 7472K
GC Heap History (10 events):
Event: 1,620 GC heap before
{Heap before GC invocations=0 (full 0):
 def new generation   total 4864K, used 4352K [0x65600000, 0x65b40000, 0x6a340000)
  eden space 4352K, 100% used [0x65600000, 0x65a40000, 0x65a40000)
  from space 512K,   0% used [0x65a40000, 0x65a40000, 0x65ac0000)
  to   space 512K,   0% used [0x65ac0000, 0x65ac0000, 0x65b40000)
 tenured generation   total 11008K, used 0K [0x6a340000, 0x6ae00000, 0x73e00000)
   the space 11008K,   0% used [0x6a340000, 0x6a340000, 0x6a340200, 0x6ae00000)
 Metaspace       used 2908K, capacity 3095K, committed 3096K, reserved 4400K
Event: 1,638 GC heap after
Heap after GC invocations=1 (full 0):
 def new generation   total 4864K, used 512K [0x65600000, 0x65b40000, 0x6a340000)
  eden space 4352K,   0% used [0x65600000, 0x65600000, 0x65a40000)
  from space 512K, 100% used [0x65ac0000, 0x65b40000, 0x65b40000)
  to   space 512K,   0% used [0x65a40000, 0x65a40000, 0x65ac0000)
 tenured generation   total 11008K, used 473K [0x6a340000, 0x6ae00000, 0x73e00000)
   the space 11008K,   4% used [0x6a340000, 0x6a3b66a8, 0x6a3b6800, 0x6ae00000)
 Metaspace       used 2908K, capacity 3095K, committed 3096K, reserved 4400K
}
Event: 3,102 GC heap before
{Heap before GC invocations=1 (full 0):
 def new generation   total 4864K, used 4864K [0x65600000, 0x65b40000, 0x6a340000)
  eden space 4352K, 100% used [0x65600000, 0x65a40000, 0x65a40000)
  from space 512K, 100% used [0x65ac0000, 0x65b40000, 0x65b40000)
  to   space 512K,   0% used [0x65a40000, 0x65a40000, 0x65ac0000)
 tenured generation   total 11008K, used 473K [0x6a340000, 0x6ae00000, 0x73e00000)
   the space 11008K,   4% used [0x6a340000, 0x6a3b66a8, 0x6a3b6800, 0x6ae00000)
 Metaspace       used 3978K, capacity 4252K, committed 4376K, reserved 4400K
Event: 3,116 GC heap after
Heap after GC invocations=2 (full 0):
 def new generation   total 4864K, used 512K [0x65600000, 0x65b40000, 0x6a340000)
  eden space 4352K,   0% used [0x65600000, 0x65600000, 0x65a40000)
  from space 512K, 100% used [0x65a40000, 0x65ac0000, 0x65ac0000)
  to   space 512K,   0% used [0x65ac0000, 0x65ac0000, 0x65b40000)
 tenured generation   total 11008K, used 1312K [0x6a340000, 0x6ae00000, 0x73e00000)
   the space 11008K,  11% used [0x6a340000, 0x6a488298, 0x6a488400, 0x6ae00000)
 Metaspace       used 3978K, capacity 4252K, committed 4376K, reserved 4400K
}
Event: 3,661 GC heap before
{Heap before GC invocations=2 (full 0):
 def new generation   total 4864K, used 4864K [0x65600000, 0x65b40000, 0x6a340000)
  eden space 4352K, 100% used [0x65600000, 0x65a40000, 0x65a40000)
  from space 512K, 100% used [0x65a40000, 0x65ac0000, 0x65ac0000)
  to   space 512K,   0% used [0x65ac0000, 0x65ac0000, 0x65b40000)
 tenured generation   total 11008K, used 1312K [0x6a340000, 0x6ae00000, 0x73e00000)
   the space 11008K,  11% used [0x6a340000, 0x6a488298, 0x6a488400, 0x6ae00000)
 Metaspace       used 4699K, capacity 5003K, committed 5016K, reserved 5424K
Event: 3,670 GC heap after
Heap after GC invocations=3 (full 0):
 def new generation   total 4864K, used 512K [0x65600000, 0x65b40000, 0x6a340000)
  eden space 4352K,   0% used [0x65600000, 0x65600000, 0x65a40000)
  from space 512K, 100% used [0x65ac0000, 0x65b40000, 0x65b40000)
  to   space 512K,   0% used [0x65a40000, 0x65a40000, 0x65ac0000)
 tenured generation   total 11008K, used 1939K [0x6a340000, 0x6ae00000, 0x73e00000)
   the space 11008K,  17% used [0x6a340000, 0x6a524ed0, 0x6a525000, 0x6ae00000)
 Metaspace       used 4699K, capacity 5003K, committed 5016K, reserved 5424K
}
Event: 4,192 GC heap before
{Heap before GC invocations=3 (full 0):
 def new generation   total 4864K, used 4864K [0x65600000, 0x65b40000, 0x6a340000)
  eden space 4352K, 100% used [0x65600000, 0x65a40000, 0x65a40000)
  from space 512K, 100% used [0x65ac0000, 0x65b40000, 0x65b40000)
  to   space 512K,   0% used [0x65a40000, 0x65a40000, 0x65ac0000)
 tenured generation   total 11008K, used 1939K [0x6a340000, 0x6ae00000, 0x73e00000)
   the space 11008K,  17% used [0x6a340000, 0x6a524ed0, 0x6a525000, 0x6ae00000)
 Metaspace       used 5704K, capacity 5988K, committed 6040K, reserved 6448K
Event: 4,201 GC heap after
Heap after GC invocations=4 (full 0):
 def new generation   total 4864K, used 512K [0x65600000, 0x65b40000, 0x6a340000)
  eden space 4352K,   0% used [0x65600000, 0x65600000, 0x65a40000)
  from space 512K, 100% used [0x65a40000, 0x65ac0000, 0x65ac0000)
  to   space 512K,   0% used [0x65ac0000, 0x65ac0000, 0x65b40000)
 tenured generation   total 11008K, used 2324K [0x6a340000, 0x6ae00000, 0x73e00000)
   the space 11008K,  21% used [0x6a340000, 0x6a5852b8, 0x6a585400, 0x6ae00000)
 Metaspace       used 5704K, capacity 5988K, committed 6040K, reserved 6448K
}
Event: 5,006 GC heap before
{Heap before GC invocations=4 (full 0):
 def new generation   total 4864K, used 4864K [0x65600000, 0x65b40000, 0x6a340000)
  eden space 4352K, 100% used [0x65600000, 0x65a40000, 0x65a40000)
  from space 512K, 100% used [0x65a40000, 0x65ac0000, 0x65ac0000)
  to   space 512K,   0% used [0x65ac0000, 0x65ac0000, 0x65b40000)
 tenured generation   total 11008K, used 2324K [0x6a340000, 0x6ae00000, 0x73e00000)
   the space 11008K,  21% used [0x6a340000, 0x6a5852b8, 0x6a585400, 0x6ae00000)
 Metaspace       used 6700K, capacity 7027K, committed 7192K, reserved 7472K
Event: 5,014 GC heap after
Heap after GC invocations=5 (full 0):
 def new generation   total 4864K, used 512K [0x65600000, 0x65b40000, 0x6a340000)
  eden space 4352K,   0% used [0x65600000, 0x65600000, 0x65a40000)
  from space 512K, 100% used [0x65ac0000, 0x65b40000, 0x65b40000)
  to   space 512K,   0% used [0x65a40000, 0x65a40000, 0x65ac0000)
 tenured generation   total 11008K, used 2899K [0x6a340000, 0x6ae00000, 0x73e00000)
   the space 11008K,  26% used [0x6a340000, 0x6a614ef0, 0x6a615000, 0x6ae00000)
 Metaspace       used 6700K, capacity 7027K, committed 7192K, reserved 7472K
}

