# JRE version: Java(TM) SE Runtime Environment (8.0_201-b09) (build 1.8.0_201-b09)
# Java VM: Java HotSpot(TM) Client VM (25.201-b09 mixed mode linux-arm )
Heap:
 def new generation   total 4864K, used 1450K [0x65600000, 0x65b40000, 0x6a340000)
  eden space 4352K,  22% used [0x65600000, 0x656f7b40, 0x65a40000)
  from space 512K,  89% used [0x65a40000, 0x65ab2d90, 0x65ac0000)
  to   space 512K,   0% used [0x65ac0000, 0x65ac0000, 0x65b40000)
 tenured generation   total 11008K, used 9658K [0x6a340000, 0x6ae00000, 0x73e00000)
   the space 11008K,  87% used [0x6a340000, 0x6acaea48, 0x6acaec00, 0x6ae00000)
 Metaspace       used 11550K, capacity 12083K, committed 12184K, reserved 12592K
GC Heap History (10 events):
Event: 4,154 GC heap before
{Heap before GC invocations=7 (full 0):
 def new generation   total 4864K, used 4864K [0x65600000, 0x65b40000, 0x6a340000)
  eden space 4352K, 100% used [0x65600000, 0x65a40000, 0x65a40000)
  from space 512K, 100% used [0x65ac0000, 0x65b40000, 0x65b40000)
  to   space 512K,   0% used [0x65a40000, 0x65a40000, 0x65ac0000)
 tenured generation   total 11008K, used 5259K [0x6a340000, 0x6ae00000, 0x73e00000)
   the space 11008K,  47% used [0x6a340000, 0x6a862d60, 0x6a862e00, 0x6ae00000)
 Metaspace       used 9262K, capacity 9620K, committed 9752K, reserved 10544K
Event: 4,176 GC heap after
Heap after GC invocations=8 (full 0):
 def new generation   total 4864K, used 511K [0x65600000, 0x65b40000, 0x6a340000)
  eden space 4352K,   0% used [0x65600000, 0x65600000, 0x65a40000)
  from space 512K,  99% used [0x65a40000, 0x65abfff8, 0x65ac0000)
  to   space 512K,   0% used [0x65ac0000, 0x65ac0000, 0x65b40000)
 tenured generation   total 11008K, used 6582K [0x6a340000, 0x6ae00000, 0x73e00000)
   the space 11008K,  59% used [0x6a340000, 0x6a9adb68, 0x6a9adc00, 0x6ae00000)
 Metaspace       used 9262K, capacity 9620K, committed 9752K, reserved 10544K
}
Event: 4,701 GC heap before
{Heap before GC invocations=8 (full 0):
 def new generation   total 4864K, used 4863K [0x65600000, 0x65b40000, 0x6a340000)
  eden space 4352K, 100% used [0x65600000, 0x65a40000, 0x65a40000)
  from space 512K,  99% used [0x65a40000, 0x65abfff8, 0x65ac0000)
  to   space 512K,   0% used [0x65ac0000, 0x65ac0000, 0x65b40000)
 tenured generation   total 11008K, used 6582K [0x6a340000, 0x6ae00000, 0x73e00000)
   the space 11008K,  59% used [0x6a340000, 0x6a9adb68, 0x6a9adc00, 0x6ae00000)
 Metaspace       used 10024K, capacity 10456K, committed 10520K, reserved 10544K
Event: 4,717 GC heap after
Heap after GC invocations=9 (full 0):
 def new generation   total 4864K, used 512K [0x65600000, 0x65b40000, 0x6a340000)
  eden space 4352K,   0% used [0x65600000, 0x65600000, 0x65a40000)
  from space 512K, 100% used [0x65ac0000, 0x65b40000, 0x65b40000)
  to   space 512K,   0% used [0x65a40000, 0x65a40000, 0x65ac0000)
 tenured generation   total 11008K, used 7474K [0x6a340000, 0x6ae00000, 0x73e00000)
   the space 11008K,  67% used [0x6a340000, 0x6aa8cbb8, 0x6aa8cc00, 0x6ae00000)
 Metaspace       used 10024K, capacity 10456K, committed 10520K, reserved 10544K
}
Event: 5,265 GC heap before
{Heap before GC invocations=9 (full 0):
 def new generation   total 4864K, used 4864K [0x65600000, 0x65b40000, 0x6a340000)
  eden space 4352K, 100% used [0x65600000, 0x65a40000, 0x65a40000)
  from space 512K, 100% used [0x65ac0000, 0x65b40000, 0x65b40000)
  to   space 512K,   0% used [0x65a40000, 0x65a40000, 0x65ac0000)
 tenured generation   total 11008K, used 7474K [0x6a340000, 0x6ae00000, 0x73e00000)
   the space 11008K,  67% used [0x6a340000, 0x6aa8cbb8, 0x6aa8cc00, 0x6ae00000)
 Metaspace       used 10781K, capacity 11230K, committed 11288K, reserved 11568K
Event: 5,277 GC heap after
Heap after GC invocations=10 (full 0):
 def new generation   total 4864K, used 511K [0x65600000, 0x65b40000, 0x6a340000)
  eden space 4352K,   0% used [0x65600000, 0x65600000, 0x65a40000)
  from space 512K,  99% used [0x65a40000, 0x65abfff8, 0x65ac0000)
  to   space 512K,   0% used [0x65ac0000, 0x65ac0000, 0x65b40000)
 tenured generation   total 11008K, used 8133K [0x6a340000, 0x6ae00000, 0x73e00000)
   the space 11008K,  73% used [0x6a340000, 0x6ab31618, 0x6ab31800, 0x6ae00000)
 Metaspace       used 10781K, capacity 11230K, committed 11288K, reserved 11568K
}
Event: 5,970 GC heap before
{Heap before GC invocations=10 (full 0):
 def new generation   total 4864K, used 4863K [0x65600000, 0x65b40000, 0x6a340000)
  eden space 4352K, 100% used [0x65600000, 0x65a40000, 0x65a40000)
  from space 512K,  99% used [0x65a40000, 0x65abfff8, 0x65ac0000)
  to   space 512K,   0% used [0x65ac0000, 0x65ac0000, 0x65b40000)
 tenured generation   total 11008K, used 8133K [0x6a340000, 0x6ae00000, 0x73e00000)
   the space 11008K,  73% used [0x6a340000, 0x6ab31618, 0x6ab31800, 0x6ae00000)
 Metaspace       used 11418K, capacity 11938K, committed 12056K, reserved 12592K
Event: 5,993 GC heap after
Heap after GC invocations=11 (full 0):
 def new generation   total 4864K, used 512K [0x65600000, 0x65b40000, 0x6a340000)
  eden space 4352K,   0% used [0x65600000, 0x65600000, 0x65a40000)
  from space 512K, 100% used [0x65ac0000, 0x65b40000, 0x65b40000)
  to   space 512K,   0% used [0x65a40000, 0x65a40000, 0x65ac0000)
 tenured generation   total 11008K, used 9418K [0x6a340000, 0x6ae00000, 0x73e00000)
   the space 11008K,  85% used [0x6a340000, 0x6ac72a28, 0x6ac72c00, 0x6ae00000)
 Metaspace       used 11418K, capacity 11938K, committed 12056K, reserved 12592K
}
Event: 47,329 GC heap before
{Heap before GC invocations=11 (full 0):
 def new generation   total 4864K, used 4864K [0x65600000, 0x65b40000, 0x6a340000)
  eden space 4352K, 100% used [0x65600000, 0x65a40000, 0x65a40000)
  from space 512K, 100% used [0x65ac0000, 0x65b40000, 0x65b40000)
  to   space 512K,   0% used [0x65a40000, 0x65a40000, 0x65ac0000)
 tenured generation   total 11008K, used 9418K [0x6a340000, 0x6ae00000, 0x73e00000)
   the space 11008K,  85% used [0x6a340000, 0x6ac72a28, 0x6ac72c00, 0x6ae00000)
 Metaspace       used 11550K, capacity 12083K, committed 12184K, reserved 12592K
Event: 47,343 GC heap after
Heap after GC invocations=12 (full 0):
 def new generation   total 4864K, used 459K [0x65600000, 0x65b40000, 0x6a340000)
  eden space 4352K,   0% used [0x65600000, 0x65600000, 0x65a40000)
  from space 512K,  89% used [0x65a40000, 0x65ab2d90, 0x65ac0000)
  to   space 512K,   0% used [0x65ac0000, 0x65ac0000, 0x65b40000)
 tenured generation   total 11008K, used 9658K [0x6a340000, 0x6ae00000, 0x73e00000)
   the space 11008K,  87% used [0x6a340000, 0x6acaea48, 0x6acaec00, 0x6ae00000)
 Metaspace       used 11550K, capacity 12083K, committed 12184K, reserved 12592K
}

