# JRE version: Java(TM) SE Runtime Environment (8.0_201-b09) (build 1.8.0_201-b09)
# Java VM: Java HotSpot(TM) Client VM (25.201-b09 mixed mode linux-arm )
Heap:
 def new generation   total 6912K, used 3834K [0x65800000, 0x65f80000, 0x6a540000)
  eden space 6144K,  58% used [0x65800000, 0x65b89700, 0x65e00000)
  from space 768K,  27% used [0x65e00000, 0x65e351a0, 0x65ec0000)
  to   space 768K,   0% used [0x65ec0000, 0x65ec0000, 0x65f80000)
 tenured generation   total 15120K, used 11031K [0x6a540000, 0x6b404000, 0x74000000)
   the space 15120K,  72% used [0x6a540000, 0x6b005f98, 0x6b006000, 0x6b404000)
 Metaspace       used 12332K, capacity 12861K, committed 12928K, reserved 13616K
GC Heap History (10 events):
Event: 67,914 GC heap before
{Heap before GC invocations=14 (full 1):
 def new generation   total 6912K, used 6912K [0x65800000, 0x65f80000, 0x6a540000)
  eden space 6144K, 100% used [0x65800000, 0x65e00000, 0x65e00000)
  from space 768K, 100% used [0x65ec0000, 0x65f80000, 0x65f80000)
  to   space 768K,   0% used [0x65e00000, 0x65e00000, 0x65ec0000)
 tenured generation   total 15120K, used 10301K [0x6a540000, 0x6b404000, 0x74000000)
   the space 15120K,  68% used [0x6a540000, 0x6af4f498, 0x6af4f600, 0x6b404000)
 Metaspace       used 12325K, capacity 12861K, committed 12928K, reserved 13616K
Event: 67,931 GC heap after
Heap after GC invocations=15 (full 1):
 def new generation   total 6912K, used 302K [0x65800000, 0x65f80000, 0x6a540000)
  eden space 6144K,   0% used [0x65800000, 0x65800000, 0x65e00000)
  from space 768K,  39% used [0x65e00000, 0x65e4ba58, 0x65ec0000)
  to   space 768K,   0% used [0x65ec0000, 0x65ec0000, 0x65f80000)
 tenured generation   total 15120K, used 11031K [0x6a540000, 0x6b404000, 0x74000000)
   the space 15120K,  72% used [0x6a540000, 0x6b005f98, 0x6b006000, 0x6b404000)
 Metaspace       used 12325K, capacity 12861K, committed 12928K, reserved 13616K
}
Event: 111,780 GC heap before
{Heap before GC invocations=15 (full 1):
 def new generation   total 6912K, used 6446K [0x65800000, 0x65f80000, 0x6a540000)
  eden space 6144K, 100% used [0x65800000, 0x65e00000, 0x65e00000)
  from space 768K,  39% used [0x65e00000, 0x65e4ba58, 0x65ec0000)
  to   space 768K,   0% used [0x65ec0000, 0x65ec0000, 0x65f80000)
 tenured generation   total 15120K, used 11031K [0x6a540000, 0x6b404000, 0x74000000)
   the space 15120K,  72% used [0x6a540000, 0x6b005f98, 0x6b006000, 0x6b404000)
 Metaspace       used 12332K, capacity 12861K, committed 12928K, reserved 13616K
Event: 111,785 GC heap after
Heap after GC invocations=16 (full 1):
 def new generation   total 6912K, used 130K [0x65800000, 0x65f80000, 0x6a540000)
  eden space 6144K,   0% used [0x65800000, 0x65800000, 0x65e00000)
  from space 768K,  17% used [0x65ec0000, 0x65ee0a60, 0x65f80000)
  to   space 768K,   0% used [0x65e00000, 0x65e00000, 0x65ec0000)
 tenured generation   total 15120K, used 11031K [0x6a540000, 0x6b404000, 0x74000000)
   the space 15120K,  72% used [0x6a540000, 0x6b005f98, 0x6b006000, 0x6b404000)
 Metaspace       used 12332K, capacity 12861K, committed 12928K, reserved 13616K
}
Event: 155,606 GC heap before
{Heap before GC invocations=16 (full 1):
 def new generation   total 6912K, used 6274K [0x65800000, 0x65f80000, 0x6a540000)
  eden space 6144K, 100% used [0x65800000, 0x65e00000, 0x65e00000)
  from space 768K,  17% used [0x65ec0000, 0x65ee0a60, 0x65f80000)
  to   space 768K,   0% used [0x65e00000, 0x65e00000, 0x65ec0000)
 tenured generation   total 15120K, used 11031K [0x6a540000, 0x6b404000, 0x74000000)
   the space 15120K,  72% used [0x6a540000, 0x6b005f98, 0x6b006000, 0x6b404000)
 Metaspace       used 12332K, capacity 12861K, committed 12928K, reserved 13616K
Event: 155,615 GC heap after
Heap after GC invocations=17 (full 1):
 def new generation   total 6912K, used 159K [0x65800000, 0x65f80000, 0x6a540000)
  eden space 6144K,   0% used [0x65800000, 0x65800000, 0x65e00000)
  from space 768K,  20% used [0x65e00000, 0x65e27dc8, 0x65ec0000)
  to   space 768K,   0% used [0x65ec0000, 0x65ec0000, 0x65f80000)
 tenured generation   total 15120K, used 11031K [0x6a540000, 0x6b404000, 0x74000000)
   the space 15120K,  72% used [0x6a540000, 0x6b005f98, 0x6b006000, 0x6b404000)
 Metaspace       used 12332K, capacity 12861K, committed 12928K, reserved 13616K
}
Event: 200,122 GC heap before
{Heap before GC invocations=17 (full 1):
 def new generation   total 6912K, used 6303K [0x65800000, 0x65f80000, 0x6a540000)
  eden space 6144K, 100% used [0x65800000, 0x65e00000, 0x65e00000)
  from space 768K,  20% used [0x65e00000, 0x65e27dc8, 0x65ec0000)
  to   space 768K,   0% used [0x65ec0000, 0x65ec0000, 0x65f80000)
 tenured generation   total 15120K, used 11031K [0x6a540000, 0x6b404000, 0x74000000)
   the space 15120K,  72% used [0x6a540000, 0x6b005f98, 0x6b006000, 0x6b404000)
 Metaspace       used 12332K, capacity 12861K, committed 12928K, reserved 13616K
Event: 200,132 GC heap after
Heap after GC invocations=18 (full 1):
 def new generation   total 6912K, used 184K [0x65800000, 0x65f80000, 0x6a540000)
  eden space 6144K,   0% used [0x65800000, 0x65800000, 0x65e00000)
  from space 768K,  24% used [0x65ec0000, 0x65eee310, 0x65f80000)
  to   space 768K,   0% used [0x65e00000, 0x65e00000, 0x65ec0000)
 tenured generation   total 15120K, used 11031K [0x6a540000, 0x6b404000, 0x74000000)
   the space 15120K,  72% used [0x6a540000, 0x6b005f98, 0x6b006000, 0x6b404000)
 Metaspace       used 12332K, capacity 12861K, committed 12928K, reserved 13616K
}
Event: 242,554 GC heap before
{Heap before GC invocations=18 (full 1):
 def new generation   total 6912K, used 6328K [0x65800000, 0x65f80000, 0x6a540000)
  eden space 6144K, 100% used [0x65800000, 0x65e00000, 0x65e00000)
  from space 768K,  24% used [0x65ec0000, 0x65eee310, 0x65f80000)
  to   space 768K,   0% used [0x65e00000, 0x65e00000, 0x65ec0000)
 tenured generation   total 15120K, used 11031K [0x6a540000, 0x6b404000, 0x74000000)
   the space 15120K,  72% used [0x6a540000, 0x6b005f98, 0x6b006000, 0x6b404000)
 Metaspace       used 12332K, capacity 12861K, committed 12928K, reserved 13616K
Event: 242,559 GC heap after
Heap after GC invocations=19 (full 1):
 def new generation   total 6912K, used 212K [0x65800000, 0x65f80000, 0x6a540000)
  eden space 6144K,   0% used [0x65800000, 0x65800000, 0x65e00000)
  from space 768K,  27% used [0x65e00000, 0x65e351a0, 0x65ec0000)
  to   space 768K,   0% used [0x65ec0000, 0x65ec0000, 0x65f80000)
 tenured generation   total 15120K, used 11031K [0x6a540000, 0x6b404000, 0x74000000)
   the space 15120K,  72% used [0x6a540000, 0x6b005f98, 0x6b006000, 0x6b404000)
 Metaspace       used 12332K, capacity 12861K, committed 12928K, reserved 13616K
}

