# JRE version: Java(TM) SE Runtime Environment (8.0_201-b09) (build 1.8.0_201-b09)
# Java VM: Java HotSpot(TM) Client VM (25.201-b09 mixed mode linux-arm )
Heap:
 def new generation   total 4864K, used 1109K [0x65800000, 0x65d40000, 0x6a540000)
  eden space 4352K,  14% used [0x65800000, 0x658a17a8, 0x65c40000)
  from space 512K,  90% used [0x65c40000, 0x65cb3c88, 0x65cc0000)
  to   space 512K,   0% used [0x65cc0000, 0x65cc0000, 0x65d40000)
 tenured generation   total 11008K, used 9713K [0x6a540000, 0x6b000000, 0x74000000)
   the space 11008K,  88% used [0x6a540000, 0x6aebc7f8, 0x6aebc800, 0x6b000000)
 Metaspace       used 11532K, capacity 12078K, committed 12184K, reserved 12592K
GC Heap History (10 events):
Event: 4,193 GC heap before
{Heap before GC invocations=7 (full 0):
 def new generation   total 4864K, used 4864K [0x65800000, 0x65d40000, 0x6a540000)
  eden space 4352K, 100% used [0x65800000, 0x65c40000, 0x65c40000)
  from space 512K, 100% used [0x65cc0000, 0x65d40000, 0x65d40000)
  to   space 512K,   0% used [0x65c40000, 0x65c40000, 0x65cc0000)
 tenured generation   total 11008K, used 5292K [0x6a540000, 0x6b000000, 0x74000000)
   the space 11008K,  48% used [0x6a540000, 0x6aa6b300, 0x6aa6b400, 0x6b000000)
 Metaspace       used 9231K, capacity 9588K, committed 9624K, reserved 10544K
Event: 4,217 GC heap after
Heap after GC invocations=8 (full 0):
 def new generation   total 4864K, used 512K [0x65800000, 0x65d40000, 0x6a540000)
  eden space 4352K,   0% used [0x65800000, 0x65800000, 0x65c40000)
  from space 512K, 100% used [0x65c40000, 0x65cc0000, 0x65cc0000)
  to   space 512K,   0% used [0x65cc0000, 0x65cc0000, 0x65d40000)
 tenured generation   total 11008K, used 6594K [0x6a540000, 0x6b000000, 0x74000000)
   the space 11008K,  59% used [0x6a540000, 0x6abb0860, 0x6abb0a00, 0x6b000000)
 Metaspace       used 9231K, capacity 9588K, committed 9624K, reserved 10544K
}
Event: 4,739 GC heap before
{Heap before GC invocations=8 (full 0):
 def new generation   total 4864K, used 4864K [0x65800000, 0x65d40000, 0x6a540000)
  eden space 4352K, 100% used [0x65800000, 0x65c40000, 0x65c40000)
  from space 512K, 100% used [0x65c40000, 0x65cc0000, 0x65cc0000)
  to   space 512K,   0% used [0x65cc0000, 0x65cc0000, 0x65d40000)
 tenured generation   total 11008K, used 6594K [0x6a540000, 0x6b000000, 0x74000000)
   the space 11008K,  59% used [0x6a540000, 0x6abb0860, 0x6abb0a00, 0x6b000000)
 Metaspace       used 9996K, capacity 10456K, committed 10520K, reserved 10544K
Event: 4,755 GC heap after
Heap after GC invocations=9 (full 0):
 def new generation   total 4864K, used 512K [0x65800000, 0x65d40000, 0x6a540000)
  eden space 4352K,   0% used [0x65800000, 0x65800000, 0x65c40000)
  from space 512K, 100% used [0x65cc0000, 0x65d40000, 0x65d40000)
  to   space 512K,   0% used [0x65c40000, 0x65c40000, 0x65cc0000)
 tenured generation   total 11008K, used 7487K [0x6a540000, 0x6b000000, 0x74000000)
   the space 11008K,  68% used [0x6a540000, 0x6ac8fe48, 0x6ac90000, 0x6b000000)
 Metaspace       used 9996K, capacity 10456K, committed 10520K, reserved 10544K
}
Event: 5,294 GC heap before
{Heap before GC invocations=9 (full 0):
 def new generation   total 4864K, used 4864K [0x65800000, 0x65d40000, 0x6a540000)
  eden space 4352K, 100% used [0x65800000, 0x65c40000, 0x65c40000)
  from space 512K, 100% used [0x65cc0000, 0x65d40000, 0x65d40000)
  to   space 512K,   0% used [0x65c40000, 0x65c40000, 0x65cc0000)
 tenured generation   total 11008K, used 7487K [0x6a540000, 0x6b000000, 0x74000000)
   the space 11008K,  68% used [0x6a540000, 0x6ac8fe48, 0x6ac90000, 0x6b000000)
 Metaspace       used 10756K, capacity 11198K, committed 11288K, reserved 11568K
Event: 5,305 GC heap after
Heap after GC invocations=10 (full 0):
 def new generation   total 4864K, used 512K [0x65800000, 0x65d40000, 0x6a540000)
  eden space 4352K,   0% used [0x65800000, 0x65800000, 0x65c40000)
  from space 512K, 100% used [0x65c40000, 0x65cc0000, 0x65cc0000)
  to   space 512K,   0% used [0x65cc0000, 0x65cc0000, 0x65d40000)
 tenured generation   total 11008K, used 8145K [0x6a540000, 0x6b000000, 0x74000000)
   the space 11008K,  73% used [0x6a540000, 0x6ad34590, 0x6ad34600, 0x6b000000)
 Metaspace       used 10756K, capacity 11198K, committed 11288K, reserved 11568K
}
Event: 5,944 GC heap before
{Heap before GC invocations=10 (full 0):
 def new generation   total 4864K, used 4854K [0x65800000, 0x65d40000, 0x6a540000)
  eden space 4352K,  99% used [0x65800000, 0x65c3d898, 0x65c40000)
  from space 512K, 100% used [0x65c40000, 0x65cc0000, 0x65cc0000)
  to   space 512K,   0% used [0x65cc0000, 0x65cc0000, 0x65d40000)
 tenured generation   total 11008K, used 8145K [0x6a540000, 0x6b000000, 0x74000000)
   the space 11008K,  73% used [0x6a540000, 0x6ad34590, 0x6ad34600, 0x6b000000)
 Metaspace       used 11388K, capacity 11901K, committed 11928K, reserved 12592K
Event: 5,958 GC heap after
Heap after GC invocations=11 (full 0):
 def new generation   total 4864K, used 512K [0x65800000, 0x65d40000, 0x6a540000)
  eden space 4352K,   0% used [0x65800000, 0x65800000, 0x65c40000)
  from space 512K, 100% used [0x65cc0000, 0x65d40000, 0x65d40000)
  to   space 512K,   0% used [0x65c40000, 0x65c40000, 0x65cc0000)
 tenured generation   total 11008K, used 9461K [0x6a540000, 0x6b000000, 0x74000000)
   the space 11008K,  85% used [0x6a540000, 0x6ae7d6f8, 0x6ae7d800, 0x6b000000)
 Metaspace       used 11388K, capacity 11901K, committed 11928K, reserved 12592K
}
Event: 47,326 GC heap before
{Heap before GC invocations=11 (full 0):
 def new generation   total 4864K, used 4864K [0x65800000, 0x65d40000, 0x6a540000)
  eden space 4352K, 100% used [0x65800000, 0x65c40000, 0x65c40000)
  from space 512K, 100% used [0x65cc0000, 0x65d40000, 0x65d40000)
  to   space 512K,   0% used [0x65c40000, 0x65c40000, 0x65cc0000)
 tenured generation   total 11008K, used 9461K [0x6a540000, 0x6b000000, 0x74000000)
   the space 11008K,  85% used [0x6a540000, 0x6ae7d6f8, 0x6ae7d800, 0x6b000000)
 Metaspace       used 11532K, capacity 12078K, committed 12184K, reserved 12592K
Event: 47,342 GC heap after
Heap after GC invocations=12 (full 0):
 def new generation   total 4864K, used 463K [0x65800000, 0x65d40000, 0x6a540000)
  eden space 4352K,   0% used [0x65800000, 0x65800000, 0x65c40000)
  from space 512K,  90% used [0x65c40000, 0x65cb3c88, 0x65cc0000)
  to   space 512K,   0% used [0x65cc0000, 0x65cc0000, 0x65d40000)
 tenured generation   total 11008K, used 9713K [0x6a540000, 0x6b000000, 0x74000000)
   the space 11008K,  88% used [0x6a540000, 0x6aebc7f8, 0x6aebc800, 0x6b000000)
 Metaspace       used 11532K, capacity 12078K, committed 12184K, reserved 12592K
}

