# JRE version: Java(TM) SE Runtime Environment (8.0_201-b09) (build 1.8.0_201-b09)
# Java VM: Java HotSpot(TM) Client VM (25.201-b09 mixed mode linux-arm )
Heap:
 def new generation   total 5120K, used 1467K [0x65800000, 0x65d80000, 0x6a540000)
  eden space 4608K,  31% used [0x65800000, 0x6596ece8, 0x65c80000)
  from space 512K,   0% used [0x65c80000, 0x65c80000, 0x65d00000)
  to   space 512K,   0% used [0x65d00000, 0x65d00000, 0x65d80000)
 tenured generation   total 11008K, used 6266K [0x6a540000, 0x6b000000, 0x74000000)
   the space 11008K,  56% used [0x6a540000, 0x6ab5e950, 0x6ab5ea00, 0x6b000000)
 Metaspace       used 11768K, capacity 12282K, committed 12416K, reserved 12592K
GC Heap History (10 events):
Event: 4,431 GC heap before
{Heap before GC invocations=8 (full 0):
 def new generation   total 4864K, used 4864K [0x65800000, 0x65d40000, 0x6a540000)
  eden space 4352K, 100% used [0x65800000, 0x65c40000, 0x65c40000)
  from space 512K, 100% used [0x65c40000, 0x65cc0000, 0x65cc0000)
  to   space 512K,   0% used [0x65cc0000, 0x65cc0000, 0x65d40000)
 tenured generation   total 11008K, used 6421K [0x6a540000, 0x6b000000, 0x74000000)
   the space 11008K,  58% used [0x6a540000, 0x6ab856b8, 0x6ab85800, 0x6b000000)
 Metaspace       used 10025K, capacity 10456K, committed 10520K, reserved 10544K
Event: 4,448 GC heap after
Heap after GC invocations=9 (full 0):
 def new generation   total 4864K, used 512K [0x65800000, 0x65d40000, 0x6a540000)
  eden space 4352K,   0% used [0x65800000, 0x65800000, 0x65c40000)
  from space 512K, 100% used [0x65cc0000, 0x65d40000, 0x65d40000)
  to   space 512K,   0% used [0x65c40000, 0x65c40000, 0x65cc0000)
 tenured generation   total 11008K, used 7307K [0x6a540000, 0x6b000000, 0x74000000)
   the space 11008K,  66% used [0x6a540000, 0x6ac62d90, 0x6ac62e00, 0x6b000000)
 Metaspace       used 10025K, capacity 10456K, committed 10520K, reserved 10544K
}
Event: 5,009 GC heap before
{Heap before GC invocations=9 (full 0):
 def new generation   total 4864K, used 4864K [0x65800000, 0x65d40000, 0x6a540000)
  eden space 4352K, 100% used [0x65800000, 0x65c40000, 0x65c40000)
  from space 512K, 100% used [0x65cc0000, 0x65d40000, 0x65d40000)
  to   space 512K,   0% used [0x65c40000, 0x65c40000, 0x65cc0000)
 tenured generation   total 11008K, used 7307K [0x6a540000, 0x6b000000, 0x74000000)
   the space 11008K,  66% used [0x6a540000, 0x6ac62d90, 0x6ac62e00, 0x6b000000)
 Metaspace       used 10785K, capacity 11230K, committed 11288K, reserved 11568K
Event: 5,021 GC heap after
Heap after GC invocations=10 (full 0):
 def new generation   total 4864K, used 512K [0x65800000, 0x65d40000, 0x6a540000)
  eden space 4352K,   0% used [0x65800000, 0x65800000, 0x65c40000)
  from space 512K, 100% used [0x65c40000, 0x65cc0000, 0x65cc0000)
  to   space 512K,   0% used [0x65cc0000, 0x65cc0000, 0x65d40000)
 tenured generation   total 11008K, used 7966K [0x6a540000, 0x6b000000, 0x74000000)
   the space 11008K,  72% used [0x6a540000, 0x6ad07bf8, 0x6ad07c00, 0x6b000000)
 Metaspace       used 10785K, capacity 11230K, committed 11288K, reserved 11568K
}
Event: 5,651 GC heap before
{Heap before GC invocations=10 (full 0):
 def new generation   total 4864K, used 4859K [0x65800000, 0x65d40000, 0x6a540000)
  eden space 4352K,  99% used [0x65800000, 0x65c3ef50, 0x65c40000)
  from space 512K, 100% used [0x65c40000, 0x65cc0000, 0x65cc0000)
  to   space 512K,   0% used [0x65cc0000, 0x65cc0000, 0x65d40000)
 tenured generation   total 11008K, used 7966K [0x6a540000, 0x6b000000, 0x74000000)
   the space 11008K,  72% used [0x6a540000, 0x6ad07bf8, 0x6ad07c00, 0x6b000000)
 Metaspace       used 11424K, capacity 11935K, committed 12056K, reserved 12592K
Event: 5,668 GC heap after
Heap after GC invocations=11 (full 0):
 def new generation   total 4864K, used 511K [0x65800000, 0x65d40000, 0x6a540000)
  eden space 4352K,   0% used [0x65800000, 0x65800000, 0x65c40000)
  from space 512K,  99% used [0x65cc0000, 0x65d3fff8, 0x65d40000)
  to   space 512K,   0% used [0x65c40000, 0x65c40000, 0x65cc0000)
 tenured generation   total 11008K, used 9278K [0x6a540000, 0x6b000000, 0x74000000)
   the space 11008K,  84% used [0x6a540000, 0x6ae4fb78, 0x6ae4fc00, 0x6b000000)
 Metaspace       used 11424K, capacity 11935K, committed 12056K, reserved 12592K
}
Event: 53,658 GC heap before
{Heap before GC invocations=11 (full 0):
 def new generation   total 4864K, used 4863K [0x65800000, 0x65d40000, 0x6a540000)
  eden space 4352K, 100% used [0x65800000, 0x65c40000, 0x65c40000)
  from space 512K,  99% used [0x65cc0000, 0x65d3fff8, 0x65d40000)
  to   space 512K,   0% used [0x65c40000, 0x65c40000, 0x65cc0000)
 tenured generation   total 11008K, used 9278K [0x6a540000, 0x6b000000, 0x74000000)
   the space 11008K,  84% used [0x6a540000, 0x6ae4fb78, 0x6ae4fc00, 0x6b000000)
 Metaspace       used 11529K, capacity 12046K, committed 12056K, reserved 12592K
Event: 53,665 GC heap after
Heap after GC invocations=12 (full 0):
 def new generation   total 4864K, used 419K [0x65800000, 0x65d40000, 0x6a540000)
  eden space 4352K,   0% used [0x65800000, 0x65800000, 0x65c40000)
  from space 512K,  81% used [0x65c40000, 0x65ca8dd8, 0x65cc0000)
  to   space 512K,   0% used [0x65cc0000, 0x65cc0000, 0x65d40000)
 tenured generation   total 11008K, used 9519K [0x6a540000, 0x6b000000, 0x74000000)
   the space 11008K,  86% used [0x6a540000, 0x6ae8bd98, 0x6ae8be00, 0x6b000000)
 Metaspace       used 11529K, capacity 12046K, committed 12056K, reserved 12592K
}
Event: 62,923 GC heap before
{Heap before GC invocations=12 (full 0):
 def new generation   total 4864K, used 2589K [0x65800000, 0x65d40000, 0x6a540000)
  eden space 4352K,  49% used [0x65800000, 0x65a1e800, 0x65c40000)
  from space 512K,  81% used [0x65c40000, 0x65ca8dd8, 0x65cc0000)
  to   space 512K,   0% used [0x65cc0000, 0x65cc0000, 0x65d40000)
 tenured generation   total 11008K, used 9519K [0x6a540000, 0x6b000000, 0x74000000)
   the space 11008K,  86% used [0x6a540000, 0x6ae8bd98, 0x6ae8be00, 0x6b000000)
 Metaspace       used 11767K, capacity 12270K, committed 12288K, reserved 12592K
Event: 63,068 GC heap after
Heap after GC invocations=13 (full 1):
 def new generation   total 5120K, used 0K [0x65800000, 0x65d80000, 0x6a540000)
  eden space 4608K,   0% used [0x65800000, 0x65800000, 0x65c80000)
  from space 512K,   0% used [0x65c80000, 0x65c80000, 0x65d00000)
  to   space 512K,   0% used [0x65d00000, 0x65d00000, 0x65d80000)
 tenured generation   total 11008K, used 6266K [0x6a540000, 0x6b000000, 0x74000000)
   the space 11008K,  56% used [0x6a540000, 0x6ab5e950, 0x6ab5ea00, 0x6b000000)
 Metaspace       used 11760K, capacity 12250K, committed 12288K, reserved 12592K
}

