# JRE version: Java(TM) SE Runtime Environment (8.0_201-b09) (build 1.8.0_201-b09)
# Java VM: Java HotSpot(TM) Client VM (25.201-b09 mixed mode linux-arm )
Heap:
 def new generation   total 5632K, used 4817K [0x65800000, 0x65e00000, 0x6a540000)
  eden space 5120K,  92% used [0x65800000, 0x65c9b848, 0x65d00000)
  from space 512K,  19% used [0x65d80000, 0x65d98f78, 0x65e00000)
  to   space 512K,   0% used [0x65d00000, 0x65d00000, 0x65d80000)
 tenured generation   total 12028K, used 7214K [0x6a540000, 0x6b0ff000, 0x74000000)
   the space 12028K,  59% used [0x6a540000, 0x6ac4bbc8, 0x6ac4bc00, 0x6b0ff000)
 Metaspace       used 11783K, capacity 12319K, committed 12416K, reserved 12592K
GC Heap History (10 events):
Event: 13,844 GC heap before
{Heap before GC invocations=9 (full 0):
 def new generation   total 4864K, used 4864K [0x65800000, 0x65d40000, 0x6a540000)
  eden space 4352K, 100% used [0x65800000, 0x65c40000, 0x65c40000)
  from space 512K, 100% used [0x65cc0000, 0x65d40000, 0x65d40000)
  to   space 512K,   0% used [0x65c40000, 0x65c40000, 0x65cc0000)
 tenured generation   total 11008K, used 7442K [0x6a540000, 0x6b000000, 0x74000000)
   the space 11008K,  67% used [0x6a540000, 0x6ac84890, 0x6ac84a00, 0x6b000000)
 Metaspace       used 10784K, capacity 11230K, committed 11288K, reserved 11568K
Event: 13,858 GC heap after
Heap after GC invocations=10 (full 0):
 def new generation   total 4864K, used 512K [0x65800000, 0x65d40000, 0x6a540000)
  eden space 4352K,   0% used [0x65800000, 0x65800000, 0x65c40000)
  from space 512K, 100% used [0x65c40000, 0x65cc0000, 0x65cc0000)
  to   space 512K,   0% used [0x65cc0000, 0x65cc0000, 0x65d40000)
 tenured generation   total 11008K, used 8101K [0x6a540000, 0x6b000000, 0x74000000)
   the space 11008K,  73% used [0x6a540000, 0x6ad29788, 0x6ad29800, 0x6b000000)
 Metaspace       used 10784K, capacity 11230K, committed 11288K, reserved 11568K
}
Event: 15,259 GC heap before
{Heap before GC invocations=10 (full 0):
 def new generation   total 4864K, used 4859K [0x65800000, 0x65d40000, 0x6a540000)
  eden space 4352K,  99% used [0x65800000, 0x65c3ed88, 0x65c40000)
  from space 512K, 100% used [0x65c40000, 0x65cc0000, 0x65cc0000)
  to   space 512K,   0% used [0x65cc0000, 0x65cc0000, 0x65d40000)
 tenured generation   total 11008K, used 8101K [0x6a540000, 0x6b000000, 0x74000000)
   the space 11008K,  73% used [0x6a540000, 0x6ad29788, 0x6ad29800, 0x6b000000)
 Metaspace       used 11423K, capacity 11935K, committed 12056K, reserved 12592K
Event: 15,276 GC heap after
Heap after GC invocations=11 (full 0):
 def new generation   total 4864K, used 512K [0x65800000, 0x65d40000, 0x6a540000)
  eden space 4352K,   0% used [0x65800000, 0x65800000, 0x65c40000)
  from space 512K, 100% used [0x65cc0000, 0x65d40000, 0x65d40000)
  to   space 512K,   0% used [0x65c40000, 0x65c40000, 0x65cc0000)
 tenured generation   total 11008K, used 9412K [0x6a540000, 0x6b000000, 0x74000000)
   the space 11008K,  85% used [0x6a540000, 0x6ae710f8, 0x6ae71200, 0x6b000000)
 Metaspace       used 11423K, capacity 11935K, committed 12056K, reserved 12592K
}
Event: 52,369 GC heap before
{Heap before GC invocations=11 (full 0):
 def new generation   total 4864K, used 4864K [0x65800000, 0x65d40000, 0x6a540000)
  eden space 4352K, 100% used [0x65800000, 0x65c40000, 0x65c40000)
  from space 512K, 100% used [0x65cc0000, 0x65d40000, 0x65d40000)
  to   space 512K,   0% used [0x65c40000, 0x65c40000, 0x65cc0000)
 tenured generation   total 11008K, used 9412K [0x6a540000, 0x6b000000, 0x74000000)
   the space 11008K,  85% used [0x6a540000, 0x6ae710f8, 0x6ae71200, 0x6b000000)
 Metaspace       used 11549K, capacity 12083K, committed 12184K, reserved 12592K
Event: 52,385 GC heap after
Heap after GC invocations=12 (full 0):
 def new generation   total 4864K, used 414K [0x65800000, 0x65d40000, 0x6a540000)
  eden space 4352K,   0% used [0x65800000, 0x65800000, 0x65c40000)
  from space 512K,  80% used [0x65c40000, 0x65ca7ab0, 0x65cc0000)
  to   space 512K,   0% used [0x65cc0000, 0x65cc0000, 0x65d40000)
 tenured generation   total 11008K, used 10561K [0x6a540000, 0x6b000000, 0x74000000)
   the space 11008K,  95% used [0x6a540000, 0x6af90408, 0x6af90600, 0x6b000000)
 Metaspace       used 11549K, capacity 12083K, committed 12184K, reserved 12592K
}
Event: 67,417 GC heap before
{Heap before GC invocations=12 (full 0):
 def new generation   total 4864K, used 2640K [0x65800000, 0x65d40000, 0x6a540000)
  eden space 4352K,  51% used [0x65800000, 0x65a2c918, 0x65c40000)
  from space 512K,  80% used [0x65c40000, 0x65ca7ab0, 0x65cc0000)
  to   space 512K,   0% used [0x65cc0000, 0x65cc0000, 0x65d40000)
 tenured generation   total 11008K, used 10561K [0x6a540000, 0x6b000000, 0x74000000)
   the space 11008K,  95% used [0x6a540000, 0x6af90408, 0x6af90600, 0x6b000000)
 Metaspace       used 11763K, capacity 12275K, committed 12288K, reserved 12592K
Event: 67,531 GC heap after
Heap after GC invocations=13 (full 1):
 def new generation   total 5632K, used 0K [0x65800000, 0x65e00000, 0x6a540000)
  eden space 5120K,   0% used [0x65800000, 0x65800000, 0x65d00000)
  from space 512K,   0% used [0x65d00000, 0x65d00000, 0x65d80000)
  to   space 512K,   0% used [0x65d80000, 0x65d80000, 0x65e00000)
 tenured generation   total 12028K, used 7214K [0x6a540000, 0x6b0ff000, 0x74000000)
   the space 12028K,  59% used [0x6a540000, 0x6ac4bbc8, 0x6ac4bc00, 0x6b0ff000)
 Metaspace       used 11757K, capacity 12255K, committed 12288K, reserved 12592K
}
Event: 127,581 GC heap before
{Heap before GC invocations=13 (full 1):
 def new generation   total 5632K, used 5120K [0x65800000, 0x65e00000, 0x6a540000)
  eden space 5120K, 100% used [0x65800000, 0x65d00000, 0x65d00000)
  from space 512K,   0% used [0x65d00000, 0x65d00000, 0x65d80000)
  to   space 512K,   0% used [0x65d80000, 0x65d80000, 0x65e00000)
 tenured generation   total 12028K, used 7214K [0x6a540000, 0x6b0ff000, 0x74000000)
   the space 12028K,  59% used [0x6a540000, 0x6ac4bbc8, 0x6ac4bc00, 0x6b0ff000)
 Metaspace       used 11783K, capacity 12319K, committed 12416K, reserved 12592K
Event: 127,591 GC heap after
Heap after GC invocations=14 (full 1):
 def new generation   total 5632K, used 99K [0x65800000, 0x65e00000, 0x6a540000)
  eden space 5120K,   0% used [0x65800000, 0x65800000, 0x65d00000)
  from space 512K,  19% used [0x65d80000, 0x65d98f78, 0x65e00000)
  to   space 512K,   0% used [0x65d00000, 0x65d00000, 0x65d80000)
 tenured generation   total 12028K, used 7214K [0x6a540000, 0x6b0ff000, 0x74000000)
   the space 12028K,  59% used [0x6a540000, 0x6ac4bbc8, 0x6ac4bc00, 0x6b0ff000)
 Metaspace       used 11783K, capacity 12319K, committed 12416K, reserved 12592K
}

