# JRE version: Java(TM) SE Runtime Environment (8.0_201-b09) (build 1.8.0_201-b09)
# Java VM: Java HotSpot(TM) Client VM (25.201-b09 mixed mode linux-arm )
Heap:
 def new generation   total 5120K, used 146K [0x65600000, 0x65b80000, 0x6a340000)
  eden space 4608K,   3% used [0x65600000, 0x65624a48, 0x65a80000)
  from space 512K,   0% used [0x65a80000, 0x65a80000, 0x65b00000)
  to   space 512K,   0% used [0x65b00000, 0x65b00000, 0x65b80000)
 tenured generation   total 11008K, used 5911K [0x6a340000, 0x6ae00000, 0x73e00000)
   the space 11008K,  53% used [0x6a340000, 0x6a905fe0, 0x6a906000, 0x6ae00000)
 Metaspace       used 11768K, capacity 12282K, committed 12416K, reserved 12592K
GC Heap History (10 events):
Event: 5,306 GC heap before
{Heap before GC invocations=8 (full 0):
 def new generation   total 4864K, used 4862K [0x65600000, 0x65b40000, 0x6a340000)
  eden space 4352K,  99% used [0x65600000, 0x65a3f898, 0x65a40000)
  from space 512K, 100% used [0x65a40000, 0x65ac0000, 0x65ac0000)
  to   space 512K,   0% used [0x65ac0000, 0x65ac0000, 0x65b40000)
 tenured generation   total 11008K, used 6611K [0x6a340000, 0x6ae00000, 0x73e00000)
   the space 11008K,  60% used [0x6a340000, 0x6a9b4f18, 0x6a9b5000, 0x6ae00000)
 Metaspace       used 10024K, capacity 10456K, committed 10520K, reserved 10544K
Event: 5,321 GC heap after
Heap after GC invocations=9 (full 0):
 def new generation   total 4864K, used 512K [0x65600000, 0x65b40000, 0x6a340000)
  eden space 4352K,   0% used [0x65600000, 0x65600000, 0x65a40000)
  from space 512K, 100% used [0x65ac0000, 0x65b40000, 0x65b40000)
  to   space 512K,   0% used [0x65a40000, 0x65a40000, 0x65ac0000)
 tenured generation   total 11008K, used 7500K [0x6a340000, 0x6ae00000, 0x73e00000)
   the space 11008K,  68% used [0x6a340000, 0x6aa93368, 0x6aa93400, 0x6ae00000)
 Metaspace       used 10024K, capacity 10456K, committed 10520K, reserved 10544K
}
Event: 5,890 GC heap before
{Heap before GC invocations=9 (full 0):
 def new generation   total 4864K, used 4864K [0x65600000, 0x65b40000, 0x6a340000)
  eden space 4352K, 100% used [0x65600000, 0x65a40000, 0x65a40000)
  from space 512K, 100% used [0x65ac0000, 0x65b40000, 0x65b40000)
  to   space 512K,   0% used [0x65a40000, 0x65a40000, 0x65ac0000)
 tenured generation   total 11008K, used 7500K [0x6a340000, 0x6ae00000, 0x73e00000)
   the space 11008K,  68% used [0x6a340000, 0x6aa93368, 0x6aa93400, 0x6ae00000)
 Metaspace       used 10785K, capacity 11230K, committed 11288K, reserved 11568K
Event: 5,902 GC heap after
Heap after GC invocations=10 (full 0):
 def new generation   total 4864K, used 511K [0x65600000, 0x65b40000, 0x6a340000)
  eden space 4352K,   0% used [0x65600000, 0x65600000, 0x65a40000)
  from space 512K,  99% used [0x65a40000, 0x65abfff8, 0x65ac0000)
  to   space 512K,   0% used [0x65ac0000, 0x65ac0000, 0x65b40000)
 tenured generation   total 11008K, used 8157K [0x6a340000, 0x6ae00000, 0x73e00000)
   the space 11008K,  74% used [0x6a340000, 0x6ab377d8, 0x6ab37800, 0x6ae00000)
 Metaspace       used 10785K, capacity 11230K, committed 11288K, reserved 11568K
}
Event: 6,700 GC heap before
{Heap before GC invocations=10 (full 0):
 def new generation   total 4864K, used 4863K [0x65600000, 0x65b40000, 0x6a340000)
  eden space 4352K, 100% used [0x65600000, 0x65a40000, 0x65a40000)
  from space 512K,  99% used [0x65a40000, 0x65abfff8, 0x65ac0000)
  to   space 512K,   0% used [0x65ac0000, 0x65ac0000, 0x65b40000)
 tenured generation   total 11008K, used 8157K [0x6a340000, 0x6ae00000, 0x73e00000)
   the space 11008K,  74% used [0x6a340000, 0x6ab377d8, 0x6ab37800, 0x6ae00000)
 Metaspace       used 11429K, capacity 11935K, committed 12056K, reserved 12592K
Event: 6,728 GC heap after
Heap after GC invocations=11 (full 0):
 def new generation   total 4864K, used 512K [0x65600000, 0x65b40000, 0x6a340000)
  eden space 4352K,   0% used [0x65600000, 0x65600000, 0x65a40000)
  from space 512K, 100% used [0x65ac0000, 0x65b40000, 0x65b40000)
  to   space 512K,   0% used [0x65a40000, 0x65a40000, 0x65ac0000)
 tenured generation   total 11008K, used 9464K [0x6a340000, 0x6ae00000, 0x73e00000)
   the space 11008K,  85% used [0x6a340000, 0x6ac7e0c0, 0x6ac7e200, 0x6ae00000)
 Metaspace       used 11429K, capacity 11935K, committed 12056K, reserved 12592K
}
Event: 50,306 GC heap before
{Heap before GC invocations=11 (full 0):
 def new generation   total 4864K, used 4864K [0x65600000, 0x65b40000, 0x6a340000)
  eden space 4352K, 100% used [0x65600000, 0x65a40000, 0x65a40000)
  from space 512K, 100% used [0x65ac0000, 0x65b40000, 0x65b40000)
  to   space 512K,   0% used [0x65a40000, 0x65a40000, 0x65ac0000)
 tenured generation   total 11008K, used 9464K [0x6a340000, 0x6ae00000, 0x73e00000)
   the space 11008K,  85% used [0x6a340000, 0x6ac7e0c0, 0x6ac7e200, 0x6ae00000)
 Metaspace       used 11532K, capacity 12078K, committed 12184K, reserved 12592K
Event: 50,320 GC heap after
Heap after GC invocations=12 (full 0):
 def new generation   total 4864K, used 425K [0x65600000, 0x65b40000, 0x6a340000)
  eden space 4352K,   0% used [0x65600000, 0x65600000, 0x65a40000)
  from space 512K,  83% used [0x65a40000, 0x65aaa458, 0x65ac0000)
  to   space 512K,   0% used [0x65ac0000, 0x65ac0000, 0x65b40000)
 tenured generation   total 11008K, used 9706K [0x6a340000, 0x6ae00000, 0x73e00000)
   the space 11008K,  88% used [0x6a340000, 0x6acbaaa8, 0x6acbac00, 0x6ae00000)
 Metaspace       used 11532K, capacity 12078K, committed 12184K, reserved 12592K
}
Event: 63,442 GC heap before
{Heap before GC invocations=12 (full 0):
 def new generation   total 4864K, used 2772K [0x65600000, 0x65b40000, 0x6a340000)
  eden space 4352K,  53% used [0x65600000, 0x6584ac18, 0x65a40000)
  from space 512K,  83% used [0x65a40000, 0x65aaa458, 0x65ac0000)
  to   space 512K,   0% used [0x65ac0000, 0x65ac0000, 0x65b40000)
 tenured generation   total 11008K, used 9706K [0x6a340000, 0x6ae00000, 0x73e00000)
   the space 11008K,  88% used [0x6a340000, 0x6acbaaa8, 0x6acbac00, 0x6ae00000)
 Metaspace       used 11768K, capacity 12270K, committed 12288K, reserved 12592K
Event: 63,603 GC heap after
Heap after GC invocations=13 (full 1):
 def new generation   total 5120K, used 0K [0x65600000, 0x65b80000, 0x6a340000)
  eden space 4608K,   0% used [0x65600000, 0x65600000, 0x65a80000)
  from space 512K,   0% used [0x65a80000, 0x65a80000, 0x65b00000)
  to   space 512K,   0% used [0x65b00000, 0x65b00000, 0x65b80000)
 tenured generation   total 11008K, used 5911K [0x6a340000, 0x6ae00000, 0x73e00000)
   the space 11008K,  53% used [0x6a340000, 0x6a905fe0, 0x6a906000, 0x6ae00000)
 Metaspace       used 11761K, capacity 12250K, committed 12288K, reserved 12592K
}

