# JRE version: Java(TM) SE Runtime Environment (8.0_201-b09) (build 1.8.0_201-b09)
# Java VM: Java HotSpot(TM) Client VM (25.201-b09 mixed mode linux-arm )
Heap:
 def new generation   total 5120K, used 4476K [0x65600000, 0x65b80000, 0x6a340000)
  eden space 4608K,  86% used [0x65600000, 0x659df0f0, 0x65a80000)
  from space 512K, 100% used [0x65a80000, 0x65b00000, 0x65b00000)
  to   space 512K,   0% used [0x65b00000, 0x65b00000, 0x65b80000)
 tenured generation   total 11008K, used 10008K [0x6a340000, 0x6ae00000, 0x73e00000)
   the space 11008K,  90% used [0x6a340000, 0x6ad063f0, 0x6ad06400, 0x6ae00000)
 Metaspace       used 12055K, capacity 12603K, committed 12672K, reserved 13616K
GC Heap History (10 events):
Event: 4,953 GC heap before
{Heap before GC invocations=9 (full 0):
 def new generation   total 4864K, used 4863K [0x65600000, 0x65b40000, 0x6a340000)
  eden space 4352K, 100% used [0x65600000, 0x65a40000, 0x65a40000)
  from space 512K,  99% used [0x65ac0000, 0x65b3fff8, 0x65b40000)
  to   space 512K,   0% used [0x65a40000, 0x65a40000, 0x65ac0000)
 tenured generation   total 11008K, used 7160K [0x6a340000, 0x6ae00000, 0x73e00000)
   the space 11008K,  65% used [0x6a340000, 0x6aa3e350, 0x6aa3e400, 0x6ae00000)
 Metaspace       used 10582K, capacity 11008K, committed 11032K, reserved 11568K
Event: 4,966 GC heap after
Heap after GC invocations=10 (full 0):
 def new generation   total 4864K, used 511K [0x65600000, 0x65b40000, 0x6a340000)
  eden space 4352K,   0% used [0x65600000, 0x65600000, 0x65a40000)
  from space 512K,  99% used [0x65a40000, 0x65abfff8, 0x65ac0000)
  to   space 512K,   0% used [0x65ac0000, 0x65ac0000, 0x65b40000)
 tenured generation   total 11008K, used 7799K [0x6a340000, 0x6ae00000, 0x73e00000)
   the space 11008K,  70% used [0x6a340000, 0x6aadde60, 0x6aade000, 0x6ae00000)
 Metaspace       used 10582K, capacity 11008K, committed 11032K, reserved 11568K
}
Event: 5,509 GC heap before
{Heap before GC invocations=10 (full 0):
 def new generation   total 4864K, used 4863K [0x65600000, 0x65b40000, 0x6a340000)
  eden space 4352K, 100% used [0x65600000, 0x65a40000, 0x65a40000)
  from space 512K,  99% used [0x65a40000, 0x65abfff8, 0x65ac0000)
  to   space 512K,   0% used [0x65ac0000, 0x65ac0000, 0x65b40000)
 tenured generation   total 11008K, used 7799K [0x6a340000, 0x6ae00000, 0x73e00000)
   the space 11008K,  70% used [0x6a340000, 0x6aadde60, 0x6aade000, 0x6ae00000)
 Metaspace       used 11408K, capacity 11853K, committed 11928K, reserved 12592K
Event: 5,532 GC heap after
Heap after GC invocations=11 (full 0):
 def new generation   total 4864K, used 512K [0x65600000, 0x65b40000, 0x6a340000)
  eden space 4352K,   0% used [0x65600000, 0x65600000, 0x65a40000)
  from space 512K, 100% used [0x65ac0000, 0x65b40000, 0x65b40000)
  to   space 512K,   0% used [0x65a40000, 0x65a40000, 0x65ac0000)
 tenured generation   total 11008K, used 8529K [0x6a340000, 0x6ae00000, 0x73e00000)
   the space 11008K,  77% used [0x6a340000, 0x6ab94788, 0x6ab94800, 0x6ae00000)
 Metaspace       used 11408K, capacity 11853K, committed 11928K, reserved 12592K
}
Event: 6,012 GC heap before
{Heap before GC invocations=11 (full 0):
 def new generation   total 4864K, used 2915K [0x65600000, 0x65b40000, 0x6a340000)
  eden space 4352K,  55% used [0x65600000, 0x65858d78, 0x65a40000)
  from space 512K, 100% used [0x65ac0000, 0x65b40000, 0x65b40000)
  to   space 512K,   0% used [0x65a40000, 0x65a40000, 0x65ac0000)
 tenured generation   total 11008K, used 8529K [0x6a340000, 0x6ae00000, 0x73e00000)
   the space 11008K,  77% used [0x6a340000, 0x6ab94788, 0x6ab94800, 0x6ae00000)
 Metaspace       used 11768K, capacity 12265K, committed 12288K, reserved 12592K
Event: 6,139 GC heap after
Heap after GC invocations=12 (full 1):
 def new generation   total 5120K, used 0K [0x65600000, 0x65b80000, 0x6a340000)
  eden space 4608K,   0% used [0x65600000, 0x65600000, 0x65a80000)
  from space 512K,   0% used [0x65a80000, 0x65a80000, 0x65b00000)
  to   space 512K,   0% used [0x65b00000, 0x65b00000, 0x65b80000)
 tenured generation   total 11008K, used 5756K [0x6a340000, 0x6ae00000, 0x73e00000)
   the space 11008K,  52% used [0x6a340000, 0x6a8df218, 0x6a8df400, 0x6ae00000)
 Metaspace       used 11768K, capacity 12265K, committed 12288K, reserved 12592K
}
Event: 6,248 GC heap before
{Heap before GC invocations=12 (full 1):
 def new generation   total 5120K, used 4514K [0x65600000, 0x65b80000, 0x6a340000)
  eden space 4608K,  97% used [0x65600000, 0x65a688a0, 0x65a80000)
  from space 512K,   0% used [0x65a80000, 0x65a80000, 0x65b00000)
  to   space 512K,   0% used [0x65b00000, 0x65b00000, 0x65b80000)
 tenured generation   total 11008K, used 5756K [0x6a340000, 0x6ae00000, 0x73e00000)
   the space 11008K,  52% used [0x6a340000, 0x6a8df218, 0x6a8df400, 0x6ae00000)
 Metaspace       used 11927K, capacity 12438K, committed 12544K, reserved 12592K
Event: 6,262 GC heap after
Heap after GC invocations=13 (full 1):
 def new generation   total 5120K, used 257K [0x65600000, 0x65b80000, 0x6a340000)
  eden space 4608K,   0% used [0x65600000, 0x65600000, 0x65a80000)
  from space 512K,  50% used [0x65b00000, 0x65b406c8, 0x65b80000)
  to   space 512K,   0% used [0x65a80000, 0x65a80000, 0x65b00000)
 tenured generation   total 11008K, used 9311K [0x6a340000, 0x6ae00000, 0x73e00000)
   the space 11008K,  84% used [0x6a340000, 0x6ac57ce8, 0x6ac57e00, 0x6ae00000)
 Metaspace       used 11927K, capacity 12438K, committed 12544K, reserved 12592K
}
Event: 24,434 GC heap before
{Heap before GC invocations=13 (full 1):
 def new generation   total 5120K, used 4865K [0x65600000, 0x65b80000, 0x6a340000)
  eden space 4608K, 100% used [0x65600000, 0x65a80000, 0x65a80000)
  from space 512K,  50% used [0x65b00000, 0x65b406c8, 0x65b80000)
  to   space 512K,   0% used [0x65a80000, 0x65a80000, 0x65b00000)
 tenured generation   total 11008K, used 9311K [0x6a340000, 0x6ae00000, 0x73e00000)
   the space 11008K,  84% used [0x6a340000, 0x6ac57ce8, 0x6ac57e00, 0x6ae00000)
 Metaspace       used 12052K, capacity 12603K, committed 12672K, reserved 13616K
Event: 24,440 GC heap after
Heap after GC invocations=14 (full 1):
 def new generation   total 5120K, used 512K [0x65600000, 0x65b80000, 0x6a340000)
  eden space 4608K,   0% used [0x65600000, 0x65600000, 0x65a80000)
  from space 512K, 100% used [0x65a80000, 0x65b00000, 0x65b00000)
  to   space 512K,   0% used [0x65b00000, 0x65b00000, 0x65b80000)
 tenured generation   total 11008K, used 10008K [0x6a340000, 0x6ae00000, 0x73e00000)
   the space 11008K,  90% used [0x6a340000, 0x6ad063f0, 0x6ad06400, 0x6ae00000)
 Metaspace       used 12052K, capacity 12603K, committed 12672K, reserved 13616K
}

