# JRE version: Java(TM) SE Runtime Environment (8.0_201-b09) (build 1.8.0_201-b09)
# Java VM: Java HotSpot(TM) Client VM (25.201-b09 mixed mode linux-arm )
Heap:
 def new generation   total 4864K, used 2823K [0x65600000, 0x65b40000, 0x6a340000)
  eden space 4352K,  53% used [0x65600000, 0x65841d40, 0x65a40000)
  from space 512K, 100% used [0x65a40000, 0x65ac0000, 0x65ac0000)
  to   space 512K,   0% used [0x65ac0000, 0x65ac0000, 0x65b40000)
 tenured generation   total 11008K, used 1283K [0x6a340000, 0x6ae00000, 0x73e00000)
   the space 11008K,  11% used [0x6a340000, 0x6a480f20, 0x6a481000, 0x6ae00000)
 Metaspace       used 4270K, capacity 4555K, committed 4632K, reserved 5424K
GC Heap History (4 events):
Event: 1,416 GC heap before
{Heap before GC invocations=0 (full 0):
 def new generation   total 4864K, used 4333K [0x65600000, 0x65b40000, 0x6a340000)
  eden space 4352K,  99% used [0x65600000, 0x65a3b730, 0x65a40000)
  from space 512K,   0% used [0x65a40000, 0x65a40000, 0x65ac0000)
  to   space 512K,   0% used [0x65ac0000, 0x65ac0000, 0x65b40000)
 tenured generation   total 11008K, used 0K [0x6a340000, 0x6ae00000, 0x73e00000)
   the space 11008K,   0% used [0x6a340000, 0x6a340000, 0x6a340200, 0x6ae00000)
 Metaspace       used 2750K, capacity 2948K, committed 2968K, reserved 4400K
Event: 1,428 GC heap after
Heap after GC invocations=1 (full 0):
 def new generation   total 4864K, used 512K [0x65600000, 0x65b40000, 0x6a340000)
  eden space 4352K,   0% used [0x65600000, 0x65600000, 0x65a40000)
  from space 512K, 100% used [0x65ac0000, 0x65b40000, 0x65b40000)
  to   space 512K,   0% used [0x65a40000, 0x65a40000, 0x65ac0000)
 tenured generation   total 11008K, used 344K [0x6a340000, 0x6ae00000, 0x73e00000)
   the space 11008K,   3% used [0x6a340000, 0x6a396228, 0x6a396400, 0x6ae00000)
 Metaspace       used 2750K, capacity 2948K, committed 2968K, reserved 4400K
}
Event: 2,515 GC heap before
{Heap before GC invocations=1 (full 0):
 def new generation   total 4864K, used 4864K [0x65600000, 0x65b40000, 0x6a340000)
  eden space 4352K, 100% used [0x65600000, 0x65a40000, 0x65a40000)
  from space 512K, 100% used [0x65ac0000, 0x65b40000, 0x65b40000)
  to   space 512K,   0% used [0x65a40000, 0x65a40000, 0x65ac0000)
 tenured generation   total 11008K, used 344K [0x6a340000, 0x6ae00000, 0x73e00000)
   the space 11008K,   3% used [0x6a340000, 0x6a396228, 0x6a396400, 0x6ae00000)
 Metaspace       used 3970K, capacity 4232K, committed 4248K, reserved 4400K
Event: 2,529 GC heap after
Heap after GC invocations=2 (full 0):
 def new generation   total 4864K, used 512K [0x65600000, 0x65b40000, 0x6a340000)
  eden space 4352K,   0% used [0x65600000, 0x65600000, 0x65a40000)
  from space 512K, 100% used [0x65a40000, 0x65ac0000, 0x65ac0000)
  to   space 512K,   0% used [0x65ac0000, 0x65ac0000, 0x65b40000)
 tenured generation   total 11008K, used 1283K [0x6a340000, 0x6ae00000, 0x73e00000)
   the space 11008K,  11% used [0x6a340000, 0x6a480f20, 0x6a481000, 0x6ae00000)
 Metaspace       used 3970K, capacity 4232K, committed 4248K, reserved 4400K
}

