# JRE version: Java(TM) SE Runtime Environment (8.0_201-b09) (build 1.8.0_201-b09)
# Java VM: Java HotSpot(TM) Client VM (25.201-b09 mixed mode linux-arm )
Heap:
 def new generation   total 4864K, used 708K [0x65800000, 0x65d40000, 0x6a540000)
  eden space 4352K,   6% used [0x65800000, 0x65844ca0, 0x65c40000)
  from space 512K,  84% used [0x65c40000, 0x65cac390, 0x65cc0000)
  to   space 512K,   0% used [0x65cc0000, 0x65cc0000, 0x65d40000)
 tenured generation   total 11008K, used 9480K [0x6a540000, 0x6b000000, 0x74000000)
   the space 11008K,  86% used [0x6a540000, 0x6ae82390, 0x6ae82400, 0x6b000000)
 Metaspace       used 11529K, capacity 12078K, committed 12184K, reserved 12592K
GC Heap History (10 events):
Event: 6,501 GC heap before
{Heap before GC invocations=7 (full 0):
 def new generation   total 4864K, used 4852K [0x65800000, 0x65d40000, 0x6a540000)
  eden space 4352K,  99% used [0x65800000, 0x65c3d218, 0x65c40000)
  from space 512K, 100% used [0x65cc0000, 0x65d40000, 0x65d40000)
  to   space 512K,   0% used [0x65c40000, 0x65c40000, 0x65cc0000)
 tenured generation   total 11008K, used 5054K [0x6a540000, 0x6b000000, 0x74000000)
   the space 11008K,  45% used [0x6a540000, 0x6aa2f8c8, 0x6aa2fa00, 0x6b000000)
 Metaspace       used 9240K, capacity 9588K, committed 9624K, reserved 10544K
Event: 6,523 GC heap after
Heap after GC invocations=8 (full 0):
 def new generation   total 4864K, used 512K [0x65800000, 0x65d40000, 0x6a540000)
  eden space 4352K,   0% used [0x65800000, 0x65800000, 0x65c40000)
  from space 512K, 100% used [0x65c40000, 0x65cc0000, 0x65cc0000)
  to   space 512K,   0% used [0x65cc0000, 0x65cc0000, 0x65d40000)
 tenured generation   total 11008K, used 6405K [0x6a540000, 0x6b000000, 0x74000000)
   the space 11008K,  58% used [0x6a540000, 0x6ab817a0, 0x6ab81800, 0x6b000000)
 Metaspace       used 9240K, capacity 9588K, committed 9624K, reserved 10544K
}
Event: 7,078 GC heap before
{Heap before GC invocations=8 (full 0):
 def new generation   total 4864K, used 4864K [0x65800000, 0x65d40000, 0x6a540000)
  eden space 4352K, 100% used [0x65800000, 0x65c40000, 0x65c40000)
  from space 512K, 100% used [0x65c40000, 0x65cc0000, 0x65cc0000)
  to   space 512K,   0% used [0x65cc0000, 0x65cc0000, 0x65d40000)
 tenured generation   total 11008K, used 6405K [0x6a540000, 0x6b000000, 0x74000000)
   the space 11008K,  58% used [0x6a540000, 0x6ab817a0, 0x6ab81800, 0x6b000000)
 Metaspace       used 10018K, capacity 10456K, committed 10520K, reserved 10544K
Event: 7,094 GC heap after
Heap after GC invocations=9 (full 0):
 def new generation   total 4864K, used 512K [0x65800000, 0x65d40000, 0x6a540000)
  eden space 4352K,   0% used [0x65800000, 0x65800000, 0x65c40000)
  from space 512K, 100% used [0x65cc0000, 0x65d40000, 0x65d40000)
  to   space 512K,   0% used [0x65c40000, 0x65c40000, 0x65cc0000)
 tenured generation   total 11008K, used 7267K [0x6a540000, 0x6b000000, 0x74000000)
   the space 11008K,  66% used [0x6a540000, 0x6ac58f50, 0x6ac59000, 0x6b000000)
 Metaspace       used 10018K, capacity 10456K, committed 10520K, reserved 10544K
}
Event: 7,826 GC heap before
{Heap before GC invocations=9 (full 0):
 def new generation   total 4864K, used 4864K [0x65800000, 0x65d40000, 0x6a540000)
  eden space 4352K, 100% used [0x65800000, 0x65c40000, 0x65c40000)
  from space 512K, 100% used [0x65cc0000, 0x65d40000, 0x65d40000)
  to   space 512K,   0% used [0x65c40000, 0x65c40000, 0x65cc0000)
 tenured generation   total 11008K, used 7267K [0x6a540000, 0x6b000000, 0x74000000)
   the space 11008K,  66% used [0x6a540000, 0x6ac58f50, 0x6ac59000, 0x6b000000)
 Metaspace       used 10774K, capacity 11230K, committed 11288K, reserved 11568K
Event: 7,838 GC heap after
Heap after GC invocations=10 (full 0):
 def new generation   total 4864K, used 512K [0x65800000, 0x65d40000, 0x6a540000)
  eden space 4352K,   0% used [0x65800000, 0x65800000, 0x65c40000)
  from space 512K, 100% used [0x65c40000, 0x65cc0000, 0x65cc0000)
  to   space 512K,   0% used [0x65cc0000, 0x65cc0000, 0x65d40000)
 tenured generation   total 11008K, used 7922K [0x6a540000, 0x6b000000, 0x74000000)
   the space 11008K,  71% used [0x6a540000, 0x6acfca90, 0x6acfcc00, 0x6b000000)
 Metaspace       used 10774K, capacity 11230K, committed 11288K, reserved 11568K
}
Event: 8,979 GC heap before
{Heap before GC invocations=10 (full 0):
 def new generation   total 4864K, used 4864K [0x65800000, 0x65d40000, 0x6a540000)
  eden space 4352K, 100% used [0x65800000, 0x65c40000, 0x65c40000)
  from space 512K, 100% used [0x65c40000, 0x65cc0000, 0x65cc0000)
  to   space 512K,   0% used [0x65cc0000, 0x65cc0000, 0x65d40000)
 tenured generation   total 11008K, used 7922K [0x6a540000, 0x6b000000, 0x74000000)
   the space 11008K,  71% used [0x6a540000, 0x6acfca90, 0x6acfcc00, 0x6b000000)
 Metaspace       used 11411K, capacity 11933K, committed 12056K, reserved 12592K
Event: 9,003 GC heap after
Heap after GC invocations=11 (full 0):
 def new generation   total 4864K, used 512K [0x65800000, 0x65d40000, 0x6a540000)
  eden space 4352K,   0% used [0x65800000, 0x65800000, 0x65c40000)
  from space 512K, 100% used [0x65cc0000, 0x65d40000, 0x65d40000)
  to   space 512K,   0% used [0x65c40000, 0x65c40000, 0x65cc0000)
 tenured generation   total 11008K, used 9237K [0x6a540000, 0x6b000000, 0x74000000)
   the space 11008K,  83% used [0x6a540000, 0x6ae456d0, 0x6ae45800, 0x6b000000)
 Metaspace       used 11411K, capacity 11933K, committed 12056K, reserved 12592K
}
Event: 51,245 GC heap before
{Heap before GC invocations=11 (full 0):
 def new generation   total 4864K, used 4864K [0x65800000, 0x65d40000, 0x6a540000)
  eden space 4352K, 100% used [0x65800000, 0x65c40000, 0x65c40000)
  from space 512K, 100% used [0x65cc0000, 0x65d40000, 0x65d40000)
  to   space 512K,   0% used [0x65c40000, 0x65c40000, 0x65cc0000)
 tenured generation   total 11008K, used 9237K [0x6a540000, 0x6b000000, 0x74000000)
   the space 11008K,  83% used [0x6a540000, 0x6ae456d0, 0x6ae45800, 0x6b000000)
 Metaspace       used 11529K, capacity 12078K, committed 12184K, reserved 12592K
Event: 51,260 GC heap after
Heap after GC invocations=12 (full 0):
 def new generation   total 4864K, used 432K [0x65800000, 0x65d40000, 0x6a540000)
  eden space 4352K,   0% used [0x65800000, 0x65800000, 0x65c40000)
  from space 512K,  84% used [0x65c40000, 0x65cac390, 0x65cc0000)
  to   space 512K,   0% used [0x65cc0000, 0x65cc0000, 0x65d40000)
 tenured generation   total 11008K, used 9480K [0x6a540000, 0x6b000000, 0x74000000)
   the space 11008K,  86% used [0x6a540000, 0x6ae82390, 0x6ae82400, 0x6b000000)
 Metaspace       used 11529K, capacity 12078K, committed 12184K, reserved 12592K
}

