# JRE version: Java(TM) SE Runtime Environment (8.0_201-b09) (build 1.8.0_201-b09)
# Java VM: Java HotSpot(TM) Client VM (25.201-b09 mixed mode linux-arm )
Heap:
 def new generation   total 6912K, used 616K [0x65800000, 0x65f60000, 0x6a540000)
  eden space 6272K,   4% used [0x65800000, 0x6584ad88, 0x65e20000)
  from space 640K,  49% used [0x65e20000, 0x65e6f288, 0x65ec0000)
  to   space 640K,   0% used [0x65ec0000, 0x65ec0000, 0x65f60000)
 tenured generation   total 14912K, used 11159K [0x6a540000, 0x6b3d0000, 0x74000000)
   the space 14912K,  74% used [0x6a540000, 0x6b025e80, 0x6b026000, 0x6b3d0000)
 Metaspace       used 12330K, capacity 12861K, committed 12928K, reserved 13616K
GC Heap History (10 events):
Event: 174,334 GC heap before
{Heap before GC invocations=16 (full 1):
 def new generation   total 6912K, used 6421K [0x65800000, 0x65f60000, 0x6a540000)
  eden space 6272K, 100% used [0x65800000, 0x65e20000, 0x65e20000)
  from space 640K,  23% used [0x65ec0000, 0x65ee5638, 0x65f60000)
  to   space 640K,   0% used [0x65e20000, 0x65e20000, 0x65ec0000)
 tenured generation   total 14912K, used 10315K [0x6a540000, 0x6b3d0000, 0x74000000)
   the space 14912K,  69% used [0x6a540000, 0x6af52f70, 0x6af53000, 0x6b3d0000)
 Metaspace       used 12329K, capacity 12861K, committed 12928K, reserved 13616K
Event: 174,351 GC heap after
Heap after GC invocations=17 (full 1):
 def new generation   total 6912K, used 191K [0x65800000, 0x65f60000, 0x6a540000)
  eden space 6272K,   0% used [0x65800000, 0x65800000, 0x65e20000)
  from space 640K,  29% used [0x65e20000, 0x65e4fd90, 0x65ec0000)
  to   space 640K,   0% used [0x65ec0000, 0x65ec0000, 0x65f60000)
 tenured generation   total 14912K, used 11159K [0x6a540000, 0x6b3d0000, 0x74000000)
   the space 14912K,  74% used [0x6a540000, 0x6b025e80, 0x6b026000, 0x6b3d0000)
 Metaspace       used 12329K, capacity 12861K, committed 12928K, reserved 13616K
}
Event: 223,361 GC heap before
{Heap before GC invocations=17 (full 1):
 def new generation   total 6912K, used 6463K [0x65800000, 0x65f60000, 0x6a540000)
  eden space 6272K, 100% used [0x65800000, 0x65e20000, 0x65e20000)
  from space 640K,  29% used [0x65e20000, 0x65e4fd90, 0x65ec0000)
  to   space 640K,   0% used [0x65ec0000, 0x65ec0000, 0x65f60000)
 tenured generation   total 14912K, used 11159K [0x6a540000, 0x6b3d0000, 0x74000000)
   the space 14912K,  74% used [0x6a540000, 0x6b025e80, 0x6b026000, 0x6b3d0000)
 Metaspace       used 12329K, capacity 12861K, committed 12928K, reserved 13616K
Event: 223,367 GC heap after
Heap after GC invocations=18 (full 1):
 def new generation   total 6912K, used 217K [0x65800000, 0x65f60000, 0x6a540000)
  eden space 6272K,   0% used [0x65800000, 0x65800000, 0x65e20000)
  from space 640K,  33% used [0x65ec0000, 0x65ef6538, 0x65f60000)
  to   space 640K,   0% used [0x65e20000, 0x65e20000, 0x65ec0000)
 tenured generation   total 14912K, used 11159K [0x6a540000, 0x6b3d0000, 0x74000000)
   the space 14912K,  74% used [0x6a540000, 0x6b025e80, 0x6b026000, 0x6b3d0000)
 Metaspace       used 12329K, capacity 12861K, committed 12928K, reserved 13616K
}
Event: 269,486 GC heap before
{Heap before GC invocations=18 (full 1):
 def new generation   total 6912K, used 6489K [0x65800000, 0x65f60000, 0x6a540000)
  eden space 6272K, 100% used [0x65800000, 0x65e20000, 0x65e20000)
  from space 640K,  33% used [0x65ec0000, 0x65ef6538, 0x65f60000)
  to   space 640K,   0% used [0x65e20000, 0x65e20000, 0x65ec0000)
 tenured generation   total 14912K, used 11159K [0x6a540000, 0x6b3d0000, 0x74000000)
   the space 14912K,  74% used [0x6a540000, 0x6b025e80, 0x6b026000, 0x6b3d0000)
 Metaspace       used 12329K, capacity 12861K, committed 12928K, reserved 13616K
Event: 269,492 GC heap after
Heap after GC invocations=19 (full 1):
 def new generation   total 6912K, used 244K [0x65800000, 0x65f60000, 0x6a540000)
  eden space 6272K,   0% used [0x65800000, 0x65800000, 0x65e20000)
  from space 640K,  38% used [0x65e20000, 0x65e5d300, 0x65ec0000)
  to   space 640K,   0% used [0x65ec0000, 0x65ec0000, 0x65f60000)
 tenured generation   total 14912K, used 11159K [0x6a540000, 0x6b3d0000, 0x74000000)
   the space 14912K,  74% used [0x6a540000, 0x6b025e80, 0x6b026000, 0x6b3d0000)
 Metaspace       used 12329K, capacity 12861K, committed 12928K, reserved 13616K
}
Event: 341,838 GC heap before
{Heap before GC invocations=19 (full 1):
 def new generation   total 6912K, used 6516K [0x65800000, 0x65f60000, 0x6a540000)
  eden space 6272K, 100% used [0x65800000, 0x65e20000, 0x65e20000)
  from space 640K,  38% used [0x65e20000, 0x65e5d300, 0x65ec0000)
  to   space 640K,   0% used [0x65ec0000, 0x65ec0000, 0x65f60000)
 tenured generation   total 14912K, used 11159K [0x6a540000, 0x6b3d0000, 0x74000000)
   the space 14912K,  74% used [0x6a540000, 0x6b025e80, 0x6b026000, 0x6b3d0000)
 Metaspace       used 12330K, capacity 12861K, committed 12928K, reserved 13616K
Event: 341,850 GC heap after
Heap after GC invocations=20 (full 1):
 def new generation   total 6912K, used 282K [0x65800000, 0x65f60000, 0x6a540000)
  eden space 6272K,   0% used [0x65800000, 0x65800000, 0x65e20000)
  from space 640K,  44% used [0x65ec0000, 0x65f06968, 0x65f60000)
  to   space 640K,   0% used [0x65e20000, 0x65e20000, 0x65ec0000)
 tenured generation   total 14912K, used 11159K [0x6a540000, 0x6b3d0000, 0x74000000)
   the space 14912K,  74% used [0x6a540000, 0x6b025e80, 0x6b026000, 0x6b3d0000)
 Metaspace       used 12330K, capacity 12861K, committed 12928K, reserved 13616K
}
Event: 428,602 GC heap before
{Heap before GC invocations=20 (full 1):
 def new generation   total 6912K, used 6554K [0x65800000, 0x65f60000, 0x6a540000)
  eden space 6272K, 100% used [0x65800000, 0x65e20000, 0x65e20000)
  from space 640K,  44% used [0x65ec0000, 0x65f06968, 0x65f60000)
  to   space 640K,   0% used [0x65e20000, 0x65e20000, 0x65ec0000)
 tenured generation   total 14912K, used 11159K [0x6a540000, 0x6b3d0000, 0x74000000)
   the space 14912K,  74% used [0x6a540000, 0x6b025e80, 0x6b026000, 0x6b3d0000)
 Metaspace       used 12330K, capacity 12861K, committed 12928K, reserved 13616K
Event: 428,609 GC heap after
Heap after GC invocations=21 (full 1):
 def new generation   total 6912K, used 316K [0x65800000, 0x65f60000, 0x6a540000)
  eden space 6272K,   0% used [0x65800000, 0x65800000, 0x65e20000)
  from space 640K,  49% used [0x65e20000, 0x65e6f288, 0x65ec0000)
  to   space 640K,   0% used [0x65ec0000, 0x65ec0000, 0x65f60000)
 tenured generation   total 14912K, used 11159K [0x6a540000, 0x6b3d0000, 0x74000000)
   the space 14912K,  74% used [0x6a540000, 0x6b025e80, 0x6b026000, 0x6b3d0000)
 Metaspace       used 12330K, capacity 12861K, committed 12928K, reserved 13616K
}

