# JRE version: Java(TM) SE Runtime Environment (8.0_201-b09) (build 1.8.0_201-b09)
# Java VM: Java HotSpot(TM) Client VM (25.201-b09 mixed mode linux-arm )
Heap:
 def new generation   total 4864K, used 609K [0x65600000, 0x65b40000, 0x6a340000)
  eden space 4352K,   4% used [0x65600000, 0x6562c560, 0x65a40000)
  from space 512K,  84% used [0x65a40000, 0x65aac1e8, 0x65ac0000)
  to   space 512K,   0% used [0x65ac0000, 0x65ac0000, 0x65b40000)
 tenured generation   total 11008K, used 9713K [0x6a340000, 0x6ae00000, 0x73e00000)
   the space 11008K,  88% used [0x6a340000, 0x6acbc6c0, 0x6acbc800, 0x6ae00000)
 Metaspace       used 11552K, capacity 12083K, committed 12184K, reserved 12592K
GC Heap History (10 events):
Event: 4,224 GC heap before
{Heap before GC invocations=7 (full 0):
 def new generation   total 4864K, used 4862K [0x65600000, 0x65b40000, 0x6a340000)
  eden space 4352K,  99% used [0x65600000, 0x65a3f8b8, 0x65a40000)
  from space 512K, 100% used [0x65ac0000, 0x65b40000, 0x65b40000)
  to   space 512K,   0% used [0x65a40000, 0x65a40000, 0x65ac0000)
 tenured generation   total 11008K, used 5323K [0x6a340000, 0x6ae00000, 0x73e00000)
   the space 11008K,  48% used [0x6a340000, 0x6a872c98, 0x6a872e00, 0x6ae00000)
 Metaspace       used 9269K, capacity 9620K, committed 9752K, reserved 10544K
Event: 4,247 GC heap after
Heap after GC invocations=8 (full 0):
 def new generation   total 4864K, used 511K [0x65600000, 0x65b40000, 0x6a340000)
  eden space 4352K,   0% used [0x65600000, 0x65600000, 0x65a40000)
  from space 512K,  99% used [0x65a40000, 0x65abfff8, 0x65ac0000)
  to   space 512K,   0% used [0x65ac0000, 0x65ac0000, 0x65b40000)
 tenured generation   total 11008K, used 6627K [0x6a340000, 0x6ae00000, 0x73e00000)
   the space 11008K,  60% used [0x6a340000, 0x6a9b8fc8, 0x6a9b9000, 0x6ae00000)
 Metaspace       used 9269K, capacity 9620K, committed 9752K, reserved 10544K
}
Event: 4,764 GC heap before
{Heap before GC invocations=8 (full 0):
 def new generation   total 4864K, used 4863K [0x65600000, 0x65b40000, 0x6a340000)
  eden space 4352K, 100% used [0x65600000, 0x65a40000, 0x65a40000)
  from space 512K,  99% used [0x65a40000, 0x65abfff8, 0x65ac0000)
  to   space 512K,   0% used [0x65ac0000, 0x65ac0000, 0x65b40000)
 tenured generation   total 11008K, used 6627K [0x6a340000, 0x6ae00000, 0x73e00000)
   the space 11008K,  60% used [0x6a340000, 0x6a9b8fc8, 0x6a9b9000, 0x6ae00000)
 Metaspace       used 10026K, capacity 10488K, committed 10520K, reserved 10544K
Event: 4,781 GC heap after
Heap after GC invocations=9 (full 0):
 def new generation   total 4864K, used 512K [0x65600000, 0x65b40000, 0x6a340000)
  eden space 4352K,   0% used [0x65600000, 0x65600000, 0x65a40000)
  from space 512K, 100% used [0x65ac0000, 0x65b40000, 0x65b40000)
  to   space 512K,   0% used [0x65a40000, 0x65a40000, 0x65ac0000)
 tenured generation   total 11008K, used 7509K [0x6a340000, 0x6ae00000, 0x73e00000)
   the space 11008K,  68% used [0x6a340000, 0x6aa95770, 0x6aa95800, 0x6ae00000)
 Metaspace       used 10026K, capacity 10488K, committed 10520K, reserved 10544K
}
Event: 5,353 GC heap before
{Heap before GC invocations=9 (full 0):
 def new generation   total 4864K, used 4864K [0x65600000, 0x65b40000, 0x6a340000)
  eden space 4352K, 100% used [0x65600000, 0x65a40000, 0x65a40000)
  from space 512K, 100% used [0x65ac0000, 0x65b40000, 0x65b40000)
  to   space 512K,   0% used [0x65a40000, 0x65a40000, 0x65ac0000)
 tenured generation   total 11008K, used 7509K [0x6a340000, 0x6ae00000, 0x73e00000)
   the space 11008K,  68% used [0x6a340000, 0x6aa95770, 0x6aa95800, 0x6ae00000)
 Metaspace       used 10796K, capacity 11235K, committed 11288K, reserved 11568K
Event: 5,365 GC heap after
Heap after GC invocations=10 (full 0):
 def new generation   total 4864K, used 512K [0x65600000, 0x65b40000, 0x6a340000)
  eden space 4352K,   0% used [0x65600000, 0x65600000, 0x65a40000)
  from space 512K, 100% used [0x65a40000, 0x65ac0000, 0x65ac0000)
  to   space 512K,   0% used [0x65ac0000, 0x65ac0000, 0x65b40000)
 tenured generation   total 11008K, used 8170K [0x6a340000, 0x6ae00000, 0x73e00000)
   the space 11008K,  74% used [0x6a340000, 0x6ab3a9f0, 0x6ab3aa00, 0x6ae00000)
 Metaspace       used 10796K, capacity 11235K, committed 11288K, reserved 11568K
}
Event: 6,006 GC heap before
{Heap before GC invocations=10 (full 0):
 def new generation   total 4864K, used 4864K [0x65600000, 0x65b40000, 0x6a340000)
  eden space 4352K, 100% used [0x65600000, 0x65a40000, 0x65a40000)
  from space 512K, 100% used [0x65a40000, 0x65ac0000, 0x65ac0000)
  to   space 512K,   0% used [0x65ac0000, 0x65ac0000, 0x65b40000)
 tenured generation   total 11008K, used 8170K [0x6a340000, 0x6ae00000, 0x73e00000)
   the space 11008K,  74% used [0x6a340000, 0x6ab3a9f0, 0x6ab3aa00, 0x6ae00000)
 Metaspace       used 11444K, capacity 11940K, committed 12056K, reserved 12592K
Event: 6,023 GC heap after
Heap after GC invocations=11 (full 0):
 def new generation   total 4864K, used 511K [0x65600000, 0x65b40000, 0x6a340000)
  eden space 4352K,   0% used [0x65600000, 0x65600000, 0x65a40000)
  from space 512K,  99% used [0x65ac0000, 0x65b3fff8, 0x65b40000)
  to   space 512K,   0% used [0x65a40000, 0x65a40000, 0x65ac0000)
 tenured generation   total 11008K, used 9474K [0x6a340000, 0x6ae00000, 0x73e00000)
   the space 11008K,  86% used [0x6a340000, 0x6ac809b8, 0x6ac80a00, 0x6ae00000)
 Metaspace       used 11444K, capacity 11940K, committed 12056K, reserved 12592K
}
Event: 48,027 GC heap before
{Heap before GC invocations=11 (full 0):
 def new generation   total 4864K, used 4863K [0x65600000, 0x65b40000, 0x6a340000)
  eden space 4352K, 100% used [0x65600000, 0x65a40000, 0x65a40000)
  from space 512K,  99% used [0x65ac0000, 0x65b3fff8, 0x65b40000)
  to   space 512K,   0% used [0x65a40000, 0x65a40000, 0x65ac0000)
 tenured generation   total 11008K, used 9474K [0x6a340000, 0x6ae00000, 0x73e00000)
   the space 11008K,  86% used [0x6a340000, 0x6ac809b8, 0x6ac80a00, 0x6ae00000)
 Metaspace       used 11551K, capacity 12083K, committed 12184K, reserved 12592K
Event: 48,034 GC heap after
Heap after GC invocations=12 (full 0):
 def new generation   total 4864K, used 432K [0x65600000, 0x65b40000, 0x6a340000)
  eden space 4352K,   0% used [0x65600000, 0x65600000, 0x65a40000)
  from space 512K,  84% used [0x65a40000, 0x65aac1e8, 0x65ac0000)
  to   space 512K,   0% used [0x65ac0000, 0x65ac0000, 0x65b40000)
 tenured generation   total 11008K, used 9713K [0x6a340000, 0x6ae00000, 0x73e00000)
   the space 11008K,  88% used [0x6a340000, 0x6acbc6c0, 0x6acbc800, 0x6ae00000)
 Metaspace       used 11551K, capacity 12083K, committed 12184K, reserved 12592K
}

