# JRE version: Java(TM) SE Runtime Environment (8.0_201-b09) (build 1.8.0_201-b09)
# Java VM: Java HotSpot(TM) Client VM (25.201-b09 mixed mode linux-arm )
Heap:
 def new generation   total 5120K, used 932K [0x65800000, 0x65d80000, 0x6a540000)
  eden space 4608K,  20% used [0x65800000, 0x658e9230, 0x65c80000)
  from space 512K,   0% used [0x65c80000, 0x65c80000, 0x65d00000)
  to   space 512K,   0% used [0x65d00000, 0x65d00000, 0x65d80000)
 tenured generation   total 11008K, used 6310K [0x6a540000, 0x6b000000, 0x74000000)
   the space 11008K,  57% used [0x6a540000, 0x6ab69888, 0x6ab69a00, 0x6b000000)
 Metaspace       used 11788K, capacity 12319K, committed 12416K, reserved 12592K
GC Heap History (10 events):
Event: 7,723 GC heap before
{Heap before GC invocations=8 (full 0):
 def new generation   total 4864K, used 4863K [0x65800000, 0x65d40000, 0x6a540000)
  eden space 4352K, 100% used [0x65800000, 0x65c40000, 0x65c40000)
  from space 512K,  99% used [0x65c40000, 0x65cbfff8, 0x65cc0000)
  to   space 512K,   0% used [0x65cc0000, 0x65cc0000, 0x65d40000)
 tenured generation   total 11008K, used 6471K [0x6a540000, 0x6b000000, 0x74000000)
   the space 11008K,  58% used [0x6a540000, 0x6ab91f00, 0x6ab92000, 0x6b000000)
 Metaspace       used 10028K, capacity 10456K, committed 10520K, reserved 10544K
Event: 7,739 GC heap after
Heap after GC invocations=9 (full 0):
 def new generation   total 4864K, used 512K [0x65800000, 0x65d40000, 0x6a540000)
  eden space 4352K,   0% used [0x65800000, 0x65800000, 0x65c40000)
  from space 512K, 100% used [0x65cc0000, 0x65d40000, 0x65d40000)
  to   space 512K,   0% used [0x65c40000, 0x65c40000, 0x65cc0000)
 tenured generation   total 11008K, used 7333K [0x6a540000, 0x6b000000, 0x74000000)
   the space 11008K,  66% used [0x6a540000, 0x6ac695a8, 0x6ac69600, 0x6b000000)
 Metaspace       used 10028K, capacity 10456K, committed 10520K, reserved 10544K
}
Event: 8,351 GC heap before
{Heap before GC invocations=9 (full 0):
 def new generation   total 4864K, used 4864K [0x65800000, 0x65d40000, 0x6a540000)
  eden space 4352K, 100% used [0x65800000, 0x65c40000, 0x65c40000)
  from space 512K, 100% used [0x65cc0000, 0x65d40000, 0x65d40000)
  to   space 512K,   0% used [0x65c40000, 0x65c40000, 0x65cc0000)
 tenured generation   total 11008K, used 7333K [0x6a540000, 0x6b000000, 0x74000000)
   the space 11008K,  66% used [0x6a540000, 0x6ac695a8, 0x6ac69600, 0x6b000000)
 Metaspace       used 10788K, capacity 11262K, committed 11288K, reserved 11568K
Event: 8,363 GC heap after
Heap after GC invocations=10 (full 0):
 def new generation   total 4864K, used 511K [0x65800000, 0x65d40000, 0x6a540000)
  eden space 4352K,   0% used [0x65800000, 0x65800000, 0x65c40000)
  from space 512K,  99% used [0x65c40000, 0x65cbfff8, 0x65cc0000)
  to   space 512K,   0% used [0x65cc0000, 0x65cc0000, 0x65d40000)
 tenured generation   total 11008K, used 7989K [0x6a540000, 0x6b000000, 0x74000000)
   the space 11008K,  72% used [0x6a540000, 0x6ad0d5b8, 0x6ad0d600, 0x6b000000)
 Metaspace       used 10788K, capacity 11262K, committed 11288K, reserved 11568K
}
Event: 9,310 GC heap before
{Heap before GC invocations=10 (full 0):
 def new generation   total 4864K, used 4854K [0x65800000, 0x65d40000, 0x6a540000)
  eden space 4352K,  99% used [0x65800000, 0x65c3db90, 0x65c40000)
  from space 512K,  99% used [0x65c40000, 0x65cbfff8, 0x65cc0000)
  to   space 512K,   0% used [0x65cc0000, 0x65cc0000, 0x65d40000)
 tenured generation   total 11008K, used 7989K [0x6a540000, 0x6b000000, 0x74000000)
   the space 11008K,  72% used [0x6a540000, 0x6ad0d5b8, 0x6ad0d600, 0x6b000000)
 Metaspace       used 11416K, capacity 11938K, committed 12056K, reserved 12592K
Event: 9,327 GC heap after
Heap after GC invocations=11 (full 0):
 def new generation   total 4864K, used 512K [0x65800000, 0x65d40000, 0x6a540000)
  eden space 4352K,   0% used [0x65800000, 0x65800000, 0x65c40000)
  from space 512K, 100% used [0x65cc0000, 0x65d40000, 0x65d40000)
  to   space 512K,   0% used [0x65c40000, 0x65c40000, 0x65cc0000)
 tenured generation   total 11008K, used 9282K [0x6a540000, 0x6b000000, 0x74000000)
   the space 11008K,  84% used [0x6a540000, 0x6ae50ad8, 0x6ae50c00, 0x6b000000)
 Metaspace       used 11416K, capacity 11938K, committed 12056K, reserved 12592K
}
Event: 52,824 GC heap before
{Heap before GC invocations=11 (full 0):
 def new generation   total 4864K, used 4864K [0x65800000, 0x65d40000, 0x6a540000)
  eden space 4352K, 100% used [0x65800000, 0x65c40000, 0x65c40000)
  from space 512K, 100% used [0x65cc0000, 0x65d40000, 0x65d40000)
  to   space 512K,   0% used [0x65c40000, 0x65c40000, 0x65cc0000)
 tenured generation   total 11008K, used 9282K [0x6a540000, 0x6b000000, 0x74000000)
   the space 11008K,  84% used [0x6a540000, 0x6ae50ad8, 0x6ae50c00, 0x6b000000)
 Metaspace       used 11560K, capacity 12083K, committed 12184K, reserved 12592K
Event: 52,832 GC heap after
Heap after GC invocations=12 (full 0):
 def new generation   total 4864K, used 463K [0x65800000, 0x65d40000, 0x6a540000)
  eden space 4352K,   0% used [0x65800000, 0x65800000, 0x65c40000)
  from space 512K,  90% used [0x65c40000, 0x65cb3e20, 0x65cc0000)
  to   space 512K,   0% used [0x65cc0000, 0x65cc0000, 0x65d40000)
 tenured generation   total 11008K, used 9536K [0x6a540000, 0x6b000000, 0x74000000)
   the space 11008K,  86% used [0x6a540000, 0x6ae90380, 0x6ae90400, 0x6b000000)
 Metaspace       used 11560K, capacity 12083K, committed 12184K, reserved 12592K
}
Event: 65,377 GC heap before
{Heap before GC invocations=12 (full 0):
 def new generation   total 4864K, used 2558K [0x65800000, 0x65d40000, 0x6a540000)
  eden space 4352K,  48% used [0x65800000, 0x65a0bd20, 0x65c40000)
  from space 512K,  90% used [0x65c40000, 0x65cb3e20, 0x65cc0000)
  to   space 512K,   0% used [0x65cc0000, 0x65cc0000, 0x65d40000)
 tenured generation   total 11008K, used 9536K [0x6a540000, 0x6b000000, 0x74000000)
   the space 11008K,  86% used [0x6a540000, 0x6ae90380, 0x6ae90400, 0x6b000000)
 Metaspace       used 11757K, capacity 12275K, committed 12288K, reserved 12592K
Event: 65,506 GC heap after
Heap after GC invocations=13 (full 1):
 def new generation   total 5120K, used 0K [0x65800000, 0x65d80000, 0x6a540000)
  eden space 4608K,   0% used [0x65800000, 0x65800000, 0x65c80000)
  from space 512K,   0% used [0x65c80000, 0x65c80000, 0x65d00000)
  to   space 512K,   0% used [0x65d00000, 0x65d00000, 0x65d80000)
 tenured generation   total 11008K, used 6310K [0x6a540000, 0x6b000000, 0x74000000)
   the space 11008K,  57% used [0x6a540000, 0x6ab69888, 0x6ab69a00, 0x6b000000)
 Metaspace       used 11751K, capacity 12255K, committed 12288K, reserved 12592K
}

