# JRE version: Java(TM) SE Runtime Environment (8.0_201-b09) (build 1.8.0_201-b09)
# Java VM: Java HotSpot(TM) Client VM (25.201-b09 mixed mode linux-arm )
Heap:
 def new generation   total 5120K, used 1877K [0x65800000, 0x65d80000, 0x6a540000)
  eden space 4608K,  40% used [0x65800000, 0x659d55b0, 0x65c80000)
  from space 512K,   0% used [0x65c80000, 0x65c80000, 0x65d00000)
  to   space 512K,   0% used [0x65d00000, 0x65d00000, 0x65d80000)
 tenured generation   total 11008K, used 5877K [0x6a540000, 0x6b000000, 0x74000000)
   the space 11008K,  53% used [0x6a540000, 0x6aafd710, 0x6aafd800, 0x6b000000)
 Metaspace       used 11783K, capacity 12319K, committed 12416K, reserved 12592K
GC Heap History (10 events):
Event: 5,194 GC heap before
{Heap before GC invocations=8 (full 0):
 def new generation   total 4864K, used 4864K [0x65800000, 0x65d40000, 0x6a540000)
  eden space 4352K, 100% used [0x65800000, 0x65c40000, 0x65c40000)
  from space 512K, 100% used [0x65c40000, 0x65cc0000, 0x65cc0000)
  to   space 512K,   0% used [0x65cc0000, 0x65cc0000, 0x65d40000)
 tenured generation   total 11008K, used 6595K [0x6a540000, 0x6b000000, 0x74000000)
   the space 11008K,  59% used [0x6a540000, 0x6abb0f60, 0x6abb1000, 0x6b000000)
 Metaspace       used 10021K, capacity 10456K, committed 10520K, reserved 10544K
Event: 5,220 GC heap after
Heap after GC invocations=9 (full 0):
 def new generation   total 4864K, used 512K [0x65800000, 0x65d40000, 0x6a540000)
  eden space 4352K,   0% used [0x65800000, 0x65800000, 0x65c40000)
  from space 512K, 100% used [0x65cc0000, 0x65d40000, 0x65d40000)
  to   space 512K,   0% used [0x65c40000, 0x65c40000, 0x65cc0000)
 tenured generation   total 11008K, used 7482K [0x6a540000, 0x6b000000, 0x74000000)
   the space 11008K,  67% used [0x6a540000, 0x6ac8eb80, 0x6ac8ec00, 0x6b000000)
 Metaspace       used 10021K, capacity 10456K, committed 10520K, reserved 10544K
}
Event: 5,775 GC heap before
{Heap before GC invocations=9 (full 0):
 def new generation   total 4864K, used 4864K [0x65800000, 0x65d40000, 0x6a540000)
  eden space 4352K, 100% used [0x65800000, 0x65c40000, 0x65c40000)
  from space 512K, 100% used [0x65cc0000, 0x65d40000, 0x65d40000)
  to   space 512K,   0% used [0x65c40000, 0x65c40000, 0x65cc0000)
 tenured generation   total 11008K, used 7482K [0x6a540000, 0x6b000000, 0x74000000)
   the space 11008K,  67% used [0x6a540000, 0x6ac8eb80, 0x6ac8ec00, 0x6b000000)
 Metaspace       used 10785K, capacity 11230K, committed 11288K, reserved 11568K
Event: 5,787 GC heap after
Heap after GC invocations=10 (full 0):
 def new generation   total 4864K, used 512K [0x65800000, 0x65d40000, 0x6a540000)
  eden space 4352K,   0% used [0x65800000, 0x65800000, 0x65c40000)
  from space 512K, 100% used [0x65c40000, 0x65cc0000, 0x65cc0000)
  to   space 512K,   0% used [0x65cc0000, 0x65cc0000, 0x65d40000)
 tenured generation   total 11008K, used 8138K [0x6a540000, 0x6b000000, 0x74000000)
   the space 11008K,  73% used [0x6a540000, 0x6ad328a0, 0x6ad32a00, 0x6b000000)
 Metaspace       used 10785K, capacity 11230K, committed 11288K, reserved 11568K
}
Event: 6,405 GC heap before
{Heap before GC invocations=10 (full 0):
 def new generation   total 4864K, used 4864K [0x65800000, 0x65d40000, 0x6a540000)
  eden space 4352K, 100% used [0x65800000, 0x65c40000, 0x65c40000)
  from space 512K, 100% used [0x65c40000, 0x65cc0000, 0x65cc0000)
  to   space 512K,   0% used [0x65cc0000, 0x65cc0000, 0x65d40000)
 tenured generation   total 11008K, used 8138K [0x6a540000, 0x6b000000, 0x74000000)
   the space 11008K,  73% used [0x6a540000, 0x6ad328a0, 0x6ad32a00, 0x6b000000)
 Metaspace       used 11415K, capacity 11933K, committed 12056K, reserved 12592K
Event: 6,421 GC heap after
Heap after GC invocations=11 (full 0):
 def new generation   total 4864K, used 511K [0x65800000, 0x65d40000, 0x6a540000)
  eden space 4352K,   0% used [0x65800000, 0x65800000, 0x65c40000)
  from space 512K,  99% used [0x65cc0000, 0x65d3fff8, 0x65d40000)
  to   space 512K,   0% used [0x65c40000, 0x65c40000, 0x65cc0000)
 tenured generation   total 11008K, used 9438K [0x6a540000, 0x6b000000, 0x74000000)
   the space 11008K,  85% used [0x6a540000, 0x6ae77978, 0x6ae77a00, 0x6b000000)
 Metaspace       used 11415K, capacity 11933K, committed 12056K, reserved 12592K
}
Event: 52,864 GC heap before
{Heap before GC invocations=11 (full 0):
 def new generation   total 4864K, used 4863K [0x65800000, 0x65d40000, 0x6a540000)
  eden space 4352K, 100% used [0x65800000, 0x65c40000, 0x65c40000)
  from space 512K,  99% used [0x65cc0000, 0x65d3fff8, 0x65d40000)
  to   space 512K,   0% used [0x65c40000, 0x65c40000, 0x65cc0000)
 tenured generation   total 11008K, used 9438K [0x6a540000, 0x6b000000, 0x74000000)
   the space 11008K,  85% used [0x6a540000, 0x6ae77978, 0x6ae77a00, 0x6b000000)
 Metaspace       used 11549K, capacity 12083K, committed 12184K, reserved 12592K
Event: 52,878 GC heap after
Heap after GC invocations=12 (full 0):
 def new generation   total 4864K, used 439K [0x65800000, 0x65d40000, 0x6a540000)
  eden space 4352K,   0% used [0x65800000, 0x65800000, 0x65c40000)
  from space 512K,  85% used [0x65c40000, 0x65cadd80, 0x65cc0000)
  to   space 512K,   0% used [0x65cc0000, 0x65cc0000, 0x65d40000)
 tenured generation   total 11008K, used 9688K [0x6a540000, 0x6b000000, 0x74000000)
   the space 11008K,  88% used [0x6a540000, 0x6aeb6338, 0x6aeb6400, 0x6b000000)
 Metaspace       used 11549K, capacity 12083K, committed 12184K, reserved 12592K
}
Event: 63,524 GC heap before
{Heap before GC invocations=12 (full 0):
 def new generation   total 4864K, used 2446K [0x65800000, 0x65d40000, 0x6a540000)
  eden space 4352K,  46% used [0x65800000, 0x659f5da0, 0x65c40000)
  from space 512K,  85% used [0x65c40000, 0x65cadd80, 0x65cc0000)
  to   space 512K,   0% used [0x65cc0000, 0x65cc0000, 0x65d40000)
 tenured generation   total 11008K, used 9688K [0x6a540000, 0x6b000000, 0x74000000)
   the space 11008K,  88% used [0x6a540000, 0x6aeb6338, 0x6aeb6400, 0x6b000000)
 Metaspace       used 11764K, capacity 12275K, committed 12288K, reserved 12592K
Event: 63,667 GC heap after
Heap after GC invocations=13 (full 1):
 def new generation   total 5120K, used 0K [0x65800000, 0x65d80000, 0x6a540000)
  eden space 4608K,   0% used [0x65800000, 0x65800000, 0x65c80000)
  from space 512K,   0% used [0x65c80000, 0x65c80000, 0x65d00000)
  to   space 512K,   0% used [0x65d00000, 0x65d00000, 0x65d80000)
 tenured generation   total 11008K, used 5877K [0x6a540000, 0x6b000000, 0x74000000)
   the space 11008K,  53% used [0x6a540000, 0x6aafd710, 0x6aafd800, 0x6b000000)
 Metaspace       used 11757K, capacity 12255K, committed 12288K, reserved 12592K
}

