# JRE version: Java(TM) SE Runtime Environment (8.0_201-b09) (build 1.8.0_201-b09)
# Java VM: Java HotSpot(TM) Client VM (25.201-b09 mixed mode linux-arm )
Heap:
 def new generation   total 7296K, used 3997K [0x65800000, 0x65fe0000, 0x6a540000)
  eden space 6528K,  55% used [0x65800000, 0x65b8be18, 0x65e60000)
  from space 768K,  47% used [0x65f20000, 0x65f7b648, 0x65fe0000)
  to   space 768K,   0% used [0x65e60000, 0x65e60000, 0x65f20000)
 tenured generation   total 16080K, used 9646K [0x6a540000, 0x6b4f4000, 0x74000000)
   the space 16080K,  59% used [0x6a540000, 0x6aeabb78, 0x6aeabc00, 0x6b4f4000)
 Metaspace       used 12323K, capacity 12841K, committed 12928K, reserved 13616K
GC Heap History (10 events):
Event: 7,508 GC heap before
{Heap before GC invocations=11 (full 0):
 def new generation   total 4864K, used 2842K [0x65800000, 0x65d40000, 0x6a540000)
  eden space 4352K,  53% used [0x65800000, 0x65a469f0, 0x65c40000)
  from space 512K, 100% used [0x65cc0000, 0x65d40000, 0x65d40000)
  to   space 512K,   0% used [0x65c40000, 0x65c40000, 0x65cc0000)
 tenured generation   total 11008K, used 8372K [0x6a540000, 0x6b000000, 0x74000000)
   the space 11008K,  76% used [0x6a540000, 0x6ad6d2d0, 0x6ad6d400, 0x6b000000)
 Metaspace       used 11756K, capacity 12265K, committed 12288K, reserved 12592K
Event: 7,650 GC heap after
Heap after GC invocations=12 (full 1):
 def new generation   total 5120K, used 0K [0x65800000, 0x65d80000, 0x6a540000)
  eden space 4608K,   0% used [0x65800000, 0x65800000, 0x65c80000)
  from space 512K,   0% used [0x65c80000, 0x65c80000, 0x65d00000)
  to   space 512K,   0% used [0x65d00000, 0x65d00000, 0x65d80000)
 tenured generation   total 11008K, used 5610K [0x6a540000, 0x6b000000, 0x74000000)
   the space 11008K,  50% used [0x6a540000, 0x6aaba828, 0x6aabaa00, 0x6b000000)
 Metaspace       used 11756K, capacity 12265K, committed 12288K, reserved 12592K
}
Event: 7,795 GC heap before
{Heap before GC invocations=12 (full 1):
 def new generation   total 5120K, used 4517K [0x65800000, 0x65d80000, 0x6a540000)
  eden space 4608K,  98% used [0x65800000, 0x65c697e8, 0x65c80000)
  from space 512K,   0% used [0x65c80000, 0x65c80000, 0x65d00000)
  to   space 512K,   0% used [0x65d00000, 0x65d00000, 0x65d80000)
 tenured generation   total 11008K, used 5610K [0x6a540000, 0x6b000000, 0x74000000)
   the space 11008K,  50% used [0x6a540000, 0x6aaba828, 0x6aabaa00, 0x6b000000)
 Metaspace       used 11916K, capacity 12438K, committed 12544K, reserved 12592K
Event: 7,808 GC heap after
Heap after GC invocations=13 (full 1):
 def new generation   total 5120K, used 257K [0x65800000, 0x65d80000, 0x6a540000)
  eden space 4608K,   0% used [0x65800000, 0x65800000, 0x65c80000)
  from space 512K,  50% used [0x65d00000, 0x65d406c8, 0x65d80000)
  to   space 512K,   0% used [0x65c80000, 0x65c80000, 0x65d00000)
 tenured generation   total 11008K, used 9164K [0x6a540000, 0x6b000000, 0x74000000)
   the space 11008K,  83% used [0x6a540000, 0x6ae332f8, 0x6ae33400, 0x6b000000)
 Metaspace       used 11916K, capacity 12438K, committed 12544K, reserved 12592K
}
Event: 22,910 GC heap before
{Heap before GC invocations=13 (full 1):
 def new generation   total 5120K, used 4865K [0x65800000, 0x65d80000, 0x6a540000)
  eden space 4608K, 100% used [0x65800000, 0x65c80000, 0x65c80000)
  from space 512K,  50% used [0x65d00000, 0x65d406c8, 0x65d80000)
  to   space 512K,   0% used [0x65c80000, 0x65c80000, 0x65d00000)
 tenured generation   total 11008K, used 9164K [0x6a540000, 0x6b000000, 0x74000000)
   the space 11008K,  83% used [0x6a540000, 0x6ae332f8, 0x6ae33400, 0x6b000000)
 Metaspace       used 12050K, capacity 12603K, committed 12672K, reserved 13616K
Event: 22,918 GC heap after
Heap after GC invocations=14 (full 1):
 def new generation   total 5120K, used 511K [0x65800000, 0x65d80000, 0x6a540000)
  eden space 4608K,   0% used [0x65800000, 0x65800000, 0x65c80000)
  from space 512K,  99% used [0x65c80000, 0x65cfff88, 0x65d00000)
  to   space 512K,   0% used [0x65d00000, 0x65d00000, 0x65d80000)
 tenured generation   total 11008K, used 9875K [0x6a540000, 0x6b000000, 0x74000000)
   the space 11008K,  89% used [0x6a540000, 0x6aee4e98, 0x6aee5000, 0x6b000000)
 Metaspace       used 12050K, capacity 12603K, committed 12672K, reserved 13616K
}
Event: 64,408 GC heap before
{Heap before GC invocations=14 (full 1):
 def new generation   total 5120K, used 5119K [0x65800000, 0x65d80000, 0x6a540000)
  eden space 4608K, 100% used [0x65800000, 0x65c80000, 0x65c80000)
  from space 512K,  99% used [0x65c80000, 0x65cfff88, 0x65d00000)
  to   space 512K,   0% used [0x65d00000, 0x65d00000, 0x65d80000)
 tenured generation   total 11008K, used 9875K [0x6a540000, 0x6b000000, 0x74000000)
   the space 11008K,  89% used [0x6a540000, 0x6aee4e98, 0x6aee5000, 0x6b000000)
 Metaspace       used 12146K, capacity 12701K, committed 12800K, reserved 13616K
Event: 64,524 GC heap after
Heap after GC invocations=15 (full 2):
 def new generation   total 7296K, used 0K [0x65800000, 0x65fe0000, 0x6a540000)
  eden space 6528K,   0% used [0x65800000, 0x65800000, 0x65e60000)
  from space 768K,   0% used [0x65e60000, 0x65e60000, 0x65f20000)
  to   space 768K,   0% used [0x65f20000, 0x65f20000, 0x65fe0000)
 tenured generation   total 16080K, used 9646K [0x6a540000, 0x6b4f4000, 0x74000000)
   the space 16080K,  59% used [0x6a540000, 0x6aeabb78, 0x6aeabc00, 0x6b4f4000)
 Metaspace       used 12139K, capacity 12681K, committed 12800K, reserved 13616K
}
Event: 104,223 GC heap before
{Heap before GC invocations=15 (full 2):
 def new generation   total 7296K, used 6528K [0x65800000, 0x65fe0000, 0x6a540000)
  eden space 6528K, 100% used [0x65800000, 0x65e60000, 0x65e60000)
  from space 768K,   0% used [0x65e60000, 0x65e60000, 0x65f20000)
  to   space 768K,   0% used [0x65f20000, 0x65f20000, 0x65fe0000)
 tenured generation   total 16080K, used 9646K [0x6a540000, 0x6b4f4000, 0x74000000)
   the space 16080K,  59% used [0x6a540000, 0x6aeabb78, 0x6aeabc00, 0x6b4f4000)
 Metaspace       used 12322K, capacity 12841K, committed 12928K, reserved 13616K
Event: 104,229 GC heap after
Heap after GC invocations=16 (full 2):
 def new generation   total 7296K, used 365K [0x65800000, 0x65fe0000, 0x6a540000)
  eden space 6528K,   0% used [0x65800000, 0x65800000, 0x65e60000)
  from space 768K,  47% used [0x65f20000, 0x65f7b648, 0x65fe0000)
  to   space 768K,   0% used [0x65e60000, 0x65e60000, 0x65f20000)
 tenured generation   total 16080K, used 9646K [0x6a540000, 0x6b4f4000, 0x74000000)
   the space 16080K,  59% used [0x6a540000, 0x6aeabb78, 0x6aeabc00, 0x6b4f4000)
 Metaspace       used 12322K, capacity 12841K, committed 12928K, reserved 13616K
}

