# JRE version: Java(TM) SE Runtime Environment (8.0_201-b09) (build 1.8.0_201-b09)
# Java VM: Java HotSpot(TM) Client VM (25.201-b09 mixed mode linux-arm )
Heap:
 def new generation   total 5248K, used 2528K [0x65800000, 0x65da0000, 0x6a540000)
  eden space 4736K,  53% used [0x65800000, 0x65a780b0, 0x65ca0000)
  from space 512K,   0% used [0x65ca0000, 0x65ca0000, 0x65d20000)
  to   space 512K,   0% used [0x65d20000, 0x65d20000, 0x65da0000)
 tenured generation   total 11388K, used 6830K [0x6a540000, 0x6b05f000, 0x74000000)
   the space 11388K,  59% used [0x6a540000, 0x6abeb9a8, 0x6abeba00, 0x6b05f000)
 Metaspace       used 11797K, capacity 12322K, committed 12416K, reserved 12592K
GC Heap History (10 events):
Event: 7,582 GC heap before
{Heap before GC invocations=8 (full 0):
 def new generation   total 4864K, used 4857K [0x65800000, 0x65d40000, 0x6a540000)
  eden space 4352K,  99% used [0x65800000, 0x65c3e788, 0x65c40000)
  from space 512K, 100% used [0x65c40000, 0x65cc0000, 0x65cc0000)
  to   space 512K,   0% used [0x65cc0000, 0x65cc0000, 0x65d40000)
 tenured generation   total 11008K, used 6883K [0x6a540000, 0x6b000000, 0x74000000)
   the space 11008K,  62% used [0x6a540000, 0x6abf8c30, 0x6abf8e00, 0x6b000000)
 Metaspace       used 9840K, capacity 10259K, committed 10264K, reserved 10544K
Event: 7,593 GC heap after
Heap after GC invocations=9 (full 0):
 def new generation   total 4864K, used 512K [0x65800000, 0x65d40000, 0x6a540000)
  eden space 4352K,   0% used [0x65800000, 0x65800000, 0x65c40000)
  from space 512K, 100% used [0x65cc0000, 0x65d40000, 0x65d40000)
  to   space 512K,   0% used [0x65c40000, 0x65c40000, 0x65cc0000)
 tenured generation   total 11008K, used 7499K [0x6a540000, 0x6b000000, 0x74000000)
   the space 11008K,  68% used [0x6a540000, 0x6ac92c28, 0x6ac92e00, 0x6b000000)
 Metaspace       used 9840K, capacity 10259K, committed 10264K, reserved 10544K
}
Event: 8,743 GC heap before
{Heap before GC invocations=9 (full 0):
 def new generation   total 4864K, used 4864K [0x65800000, 0x65d40000, 0x6a540000)
  eden space 4352K, 100% used [0x65800000, 0x65c40000, 0x65c40000)
  from space 512K, 100% used [0x65cc0000, 0x65d40000, 0x65d40000)
  to   space 512K,   0% used [0x65c40000, 0x65c40000, 0x65cc0000)
 tenured generation   total 11008K, used 7499K [0x6a540000, 0x6b000000, 0x74000000)
   the space 11008K,  68% used [0x6a540000, 0x6ac92c28, 0x6ac92e00, 0x6b000000)
 Metaspace       used 10638K, capacity 11122K, committed 11160K, reserved 11568K
Event: 8,768 GC heap after
Heap after GC invocations=10 (full 0):
 def new generation   total 4864K, used 512K [0x65800000, 0x65d40000, 0x6a540000)
  eden space 4352K,   0% used [0x65800000, 0x65800000, 0x65c40000)
  from space 512K, 100% used [0x65c40000, 0x65cc0000, 0x65cc0000)
  to   space 512K,   0% used [0x65cc0000, 0x65cc0000, 0x65d40000)
 tenured generation   total 11008K, used 8246K [0x6a540000, 0x6b000000, 0x74000000)
   the space 11008K,  74% used [0x6a540000, 0x6ad4d920, 0x6ad4da00, 0x6b000000)
 Metaspace       used 10638K, capacity 11122K, committed 11160K, reserved 11568K
}
Event: 15,671 GC heap before
{Heap before GC invocations=10 (full 0):
 def new generation   total 4864K, used 4864K [0x65800000, 0x65d40000, 0x6a540000)
  eden space 4352K, 100% used [0x65800000, 0x65c40000, 0x65c40000)
  from space 512K, 100% used [0x65c40000, 0x65cc0000, 0x65cc0000)
  to   space 512K,   0% used [0x65cc0000, 0x65cc0000, 0x65d40000)
 tenured generation   total 11008K, used 8246K [0x6a540000, 0x6b000000, 0x74000000)
   the space 11008K,  74% used [0x6a540000, 0x6ad4d920, 0x6ad4da00, 0x6b000000)
 Metaspace       used 11233K, capacity 11706K, committed 11800K, reserved 12592K
Event: 15,688 GC heap after
Heap after GC invocations=11 (full 0):
 def new generation   total 4864K, used 512K [0x65800000, 0x65d40000, 0x6a540000)
  eden space 4352K,   0% used [0x65800000, 0x65800000, 0x65c40000)
  from space 512K, 100% used [0x65cc0000, 0x65d40000, 0x65d40000)
  to   space 512K,   0% used [0x65c40000, 0x65c40000, 0x65cc0000)
 tenured generation   total 11008K, used 9747K [0x6a540000, 0x6b000000, 0x74000000)
   the space 11008K,  88% used [0x6a540000, 0x6aec4e90, 0x6aec5000, 0x6b000000)
 Metaspace       used 11233K, capacity 11706K, committed 11800K, reserved 12592K
}
Event: 51,897 GC heap before
{Heap before GC invocations=11 (full 0):
 def new generation   total 4864K, used 4864K [0x65800000, 0x65d40000, 0x6a540000)
  eden space 4352K, 100% used [0x65800000, 0x65c40000, 0x65c40000)
  from space 512K, 100% used [0x65cc0000, 0x65d40000, 0x65d40000)
  to   space 512K,   0% used [0x65c40000, 0x65c40000, 0x65cc0000)
 tenured generation   total 11008K, used 9747K [0x6a540000, 0x6b000000, 0x74000000)
   the space 11008K,  88% used [0x6a540000, 0x6aec4e90, 0x6aec5000, 0x6b000000)
 Metaspace       used 11556K, capacity 12054K, committed 12184K, reserved 12592K
Event: 51,904 GC heap after
Heap after GC invocations=12 (full 0):
 def new generation   total 4864K, used 293K [0x65800000, 0x65d40000, 0x6a540000)
  eden space 4352K,   0% used [0x65800000, 0x65800000, 0x65c40000)
  from space 512K,  57% used [0x65c40000, 0x65c89430, 0x65cc0000)
  to   space 512K,   0% used [0x65cc0000, 0x65cc0000, 0x65d40000)
 tenured generation   total 11008K, used 10083K [0x6a540000, 0x6b000000, 0x74000000)
   the space 11008K,  91% used [0x6a540000, 0x6af18dd0, 0x6af18e00, 0x6b000000)
 Metaspace       used 11556K, capacity 12054K, committed 12184K, reserved 12592K
}
Event: 65,322 GC heap before
{Heap before GC invocations=12 (full 0):
 def new generation   total 4864K, used 2528K [0x65800000, 0x65d40000, 0x6a540000)
  eden space 4352K,  51% used [0x65800000, 0x65a2ec40, 0x65c40000)
  from space 512K,  57% used [0x65c40000, 0x65c89430, 0x65cc0000)
  to   space 512K,   0% used [0x65cc0000, 0x65cc0000, 0x65d40000)
 tenured generation   total 11008K, used 10083K [0x6a540000, 0x6b000000, 0x74000000)
   the space 11008K,  91% used [0x6a540000, 0x6af18dd0, 0x6af18e00, 0x6b000000)
 Metaspace       used 11778K, capacity 12278K, committed 12288K, reserved 12592K
Event: 65,454 GC heap after
Heap after GC invocations=13 (full 1):
 def new generation   total 5248K, used 0K [0x65800000, 0x65da0000, 0x6a540000)
  eden space 4736K,   0% used [0x65800000, 0x65800000, 0x65ca0000)
  from space 512K,   0% used [0x65ca0000, 0x65ca0000, 0x65d20000)
  to   space 512K,   0% used [0x65d20000, 0x65d20000, 0x65da0000)
 tenured generation   total 11388K, used 6830K [0x6a540000, 0x6b05f000, 0x74000000)
   the space 11388K,  59% used [0x6a540000, 0x6abeb9a8, 0x6abeba00, 0x6b05f000)
 Metaspace       used 11771K, capacity 12258K, committed 12288K, reserved 12592K
}

