# JRE version: Java(TM) SE Runtime Environment (8.0_201-b09) (build 1.8.0_201-b09)
# Java VM: Java HotSpot(TM) Client VM (25.201-b09 mixed mode linux-arm )
Heap:
 def new generation   total 5120K, used 3686K [0x65800000, 0x65d80000, 0x6a540000)
  eden space 4608K,  79% used [0x65800000, 0x65b99990, 0x65c80000)
  from space 512K,   0% used [0x65c80000, 0x65c80000, 0x65d00000)
  to   space 512K,   0% used [0x65d00000, 0x65d00000, 0x65d80000)
 tenured generation   total 11008K, used 6268K [0x6a540000, 0x6b000000, 0x74000000)
   the space 11008K,  56% used [0x6a540000, 0x6ab5f3f8, 0x6ab5f400, 0x6b000000)
 Metaspace       used 11794K, capacity 12319K, committed 12416K, reserved 12592K
GC Heap History (10 events):
Event: 6,265 GC heap before
{Heap before GC invocations=8 (full 0):
 def new generation   total 4864K, used 4864K [0x65800000, 0x65d40000, 0x6a540000)
  eden space 4352K, 100% used [0x65800000, 0x65c40000, 0x65c40000)
  from space 512K, 100% used [0x65c40000, 0x65cc0000, 0x65cc0000)
  to   space 512K,   0% used [0x65cc0000, 0x65cc0000, 0x65d40000)
 tenured generation   total 11008K, used 6585K [0x6a540000, 0x6b000000, 0x74000000)
   the space 11008K,  59% used [0x6a540000, 0x6abae6d8, 0x6abae800, 0x6b000000)
 Metaspace       used 10028K, capacity 10456K, committed 10520K, reserved 10544K
Event: 6,280 GC heap after
Heap after GC invocations=9 (full 0):
 def new generation   total 4864K, used 512K [0x65800000, 0x65d40000, 0x6a540000)
  eden space 4352K,   0% used [0x65800000, 0x65800000, 0x65c40000)
  from space 512K, 100% used [0x65cc0000, 0x65d40000, 0x65d40000)
  to   space 512K,   0% used [0x65c40000, 0x65c40000, 0x65cc0000)
 tenured generation   total 11008K, used 7446K [0x6a540000, 0x6b000000, 0x74000000)
   the space 11008K,  67% used [0x6a540000, 0x6ac85988, 0x6ac85a00, 0x6b000000)
 Metaspace       used 10028K, capacity 10456K, committed 10520K, reserved 10544K
}
Event: 6,912 GC heap before
{Heap before GC invocations=9 (full 0):
 def new generation   total 4864K, used 4864K [0x65800000, 0x65d40000, 0x6a540000)
  eden space 4352K, 100% used [0x65800000, 0x65c40000, 0x65c40000)
  from space 512K, 100% used [0x65cc0000, 0x65d40000, 0x65d40000)
  to   space 512K,   0% used [0x65c40000, 0x65c40000, 0x65cc0000)
 tenured generation   total 11008K, used 7446K [0x6a540000, 0x6b000000, 0x74000000)
   the space 11008K,  67% used [0x6a540000, 0x6ac85988, 0x6ac85a00, 0x6b000000)
 Metaspace       used 10788K, capacity 11262K, committed 11288K, reserved 11568K
Event: 6,924 GC heap after
Heap after GC invocations=10 (full 0):
 def new generation   total 4864K, used 512K [0x65800000, 0x65d40000, 0x6a540000)
  eden space 4352K,   0% used [0x65800000, 0x65800000, 0x65c40000)
  from space 512K, 100% used [0x65c40000, 0x65cc0000, 0x65cc0000)
  to   space 512K,   0% used [0x65cc0000, 0x65cc0000, 0x65d40000)
 tenured generation   total 11008K, used 8105K [0x6a540000, 0x6b000000, 0x74000000)
   the space 11008K,  73% used [0x6a540000, 0x6ad2a520, 0x6ad2a600, 0x6b000000)
 Metaspace       used 10788K, capacity 11262K, committed 11288K, reserved 11568K
}
Event: 7,717 GC heap before
{Heap before GC invocations=10 (full 0):
 def new generation   total 4864K, used 4860K [0x65800000, 0x65d40000, 0x6a540000)
  eden space 4352K,  99% used [0x65800000, 0x65c3f0e8, 0x65c40000)
  from space 512K, 100% used [0x65c40000, 0x65cc0000, 0x65cc0000)
  to   space 512K,   0% used [0x65cc0000, 0x65cc0000, 0x65d40000)
 tenured generation   total 11008K, used 8105K [0x6a540000, 0x6b000000, 0x74000000)
   the space 11008K,  73% used [0x6a540000, 0x6ad2a520, 0x6ad2a600, 0x6b000000)
 Metaspace       used 11419K, capacity 11938K, committed 12056K, reserved 12592K
Event: 7,730 GC heap after
Heap after GC invocations=11 (full 0):
 def new generation   total 4864K, used 512K [0x65800000, 0x65d40000, 0x6a540000)
  eden space 4352K,   0% used [0x65800000, 0x65800000, 0x65c40000)
  from space 512K, 100% used [0x65cc0000, 0x65d40000, 0x65d40000)
  to   space 512K,   0% used [0x65c40000, 0x65c40000, 0x65cc0000)
 tenured generation   total 11008K, used 9405K [0x6a540000, 0x6b000000, 0x74000000)
   the space 11008K,  85% used [0x6a540000, 0x6ae6f7c0, 0x6ae6f800, 0x6b000000)
 Metaspace       used 11419K, capacity 11938K, committed 12056K, reserved 12592K
}
Event: 57,738 GC heap before
{Heap before GC invocations=11 (full 0):
 def new generation   total 4864K, used 4864K [0x65800000, 0x65d40000, 0x6a540000)
  eden space 4352K, 100% used [0x65800000, 0x65c40000, 0x65c40000)
  from space 512K, 100% used [0x65cc0000, 0x65d40000, 0x65d40000)
  to   space 512K,   0% used [0x65c40000, 0x65c40000, 0x65cc0000)
 tenured generation   total 11008K, used 9405K [0x6a540000, 0x6b000000, 0x74000000)
   the space 11008K,  85% used [0x6a540000, 0x6ae6f7c0, 0x6ae6f800, 0x6b000000)
 Metaspace       used 11560K, capacity 12083K, committed 12184K, reserved 12592K
Event: 57,752 GC heap after
Heap after GC invocations=12 (full 0):
 def new generation   total 4864K, used 436K [0x65800000, 0x65d40000, 0x6a540000)
  eden space 4352K,   0% used [0x65800000, 0x65800000, 0x65c40000)
  from space 512K,  85% used [0x65c40000, 0x65cad070, 0x65cc0000)
  to   space 512K,   0% used [0x65cc0000, 0x65cc0000, 0x65d40000)
 tenured generation   total 11008K, used 9658K [0x6a540000, 0x6b000000, 0x74000000)
   the space 11008K,  87% used [0x6a540000, 0x6aeae968, 0x6aeaea00, 0x6b000000)
 Metaspace       used 11560K, capacity 12083K, committed 12184K, reserved 12592K
}
Event: 64,163 GC heap before
{Heap before GC invocations=12 (full 0):
 def new generation   total 4864K, used 1915K [0x65800000, 0x65d40000, 0x6a540000)
  eden space 4352K,  33% used [0x65800000, 0x65971d40, 0x65c40000)
  from space 512K,  85% used [0x65c40000, 0x65cad070, 0x65cc0000)
  to   space 512K,   0% used [0x65cc0000, 0x65cc0000, 0x65d40000)
 tenured generation   total 11008K, used 9658K [0x6a540000, 0x6b000000, 0x74000000)
   the space 11008K,  87% used [0x6a540000, 0x6aeae968, 0x6aeaea00, 0x6b000000)
 Metaspace       used 11750K, capacity 12275K, committed 12288K, reserved 12592K
Event: 64,263 GC heap after
Heap after GC invocations=13 (full 1):
 def new generation   total 5120K, used 0K [0x65800000, 0x65d80000, 0x6a540000)
  eden space 4608K,   0% used [0x65800000, 0x65800000, 0x65c80000)
  from space 512K,   0% used [0x65c80000, 0x65c80000, 0x65d00000)
  to   space 512K,   0% used [0x65d00000, 0x65d00000, 0x65d80000)
 tenured generation   total 11008K, used 6268K [0x6a540000, 0x6b000000, 0x74000000)
   the space 11008K,  56% used [0x6a540000, 0x6ab5f3f8, 0x6ab5f400, 0x6b000000)
 Metaspace       used 11743K, capacity 12255K, committed 12288K, reserved 12592K
}

